This is pdfTeX, Version 3.1415926-2.5-1.40.14 (MiKTeX 2.9) (preloaded format=pdflatex 2015.6.9)  19 JUL 2015 00:57
entering extended mode
**ProjectDocu.tex
(C:\Users\Agrawal\work\workspace\_done\at91_bdi2000\ProjectDocumentation\Documentation\ProjectDocu.tex
LaTeX2e <2011/06/27>
Babel <v3.8m> and hyphenation patterns for english, afrikaans, ancientgreek, arabic, armenian, assamese, basque, bengali
, bokmal, bulgarian, catalan, coptic, croatian, czech, danish, dutch, esperanto, estonian, farsi, finnish, french, galic
ian, german, german-x-2013-05-26, greek, gujarati, hindi, hungarian, icelandic, indonesian, interlingua, irish, italian,
 kannada, kurmanji, latin, latvian, lithuanian, malayalam, marathi, mongolian, mongolianlmc, monogreek, ngerman, ngerman
-x-2013-05-26, nynorsk, oriya, panjabi, pinyin, polish, portuguese, romanian, russian, sanskrit, serbian, slovak, sloven
ian, spanish, swedish, swissgerman, tamil, telugu, turkish, turkmen, ukenglish, ukrainian, uppersorbian, usenglishmax, w
elsh, loaded.
\@input{parts/Header.aux}
(C:\Users\Agrawal\work\workspace\_done\at91_bdi2000\ProjectDocumentation\Documentation\parts/Header.tex
("C:\Program Files (x86)\MiKTeX 2.9\tex\latex\base\report.cls"
Document Class: report 2007/10/19 v1.4h Standard LaTeX document class
("C:\Program Files (x86)\MiKTeX 2.9\tex\latex\base\size11.clo"
File: size11.clo 2007/10/19 v1.4h Standard LaTeX file (size option)
)
\c@part=\count79
\c@chapter=\count80
\c@section=\count81
\c@subsection=\count82
\c@subsubsection=\count83
\c@paragraph=\count84
\c@subparagraph=\count85
\c@figure=\count86
\c@table=\count87
\abovecaptionskip=\skip41
\belowcaptionskip=\skip42
\bibindent=\dimen102
)
("C:\Program Files (x86)\MiKTeX 2.9\tex\latex\misc\etex.sty"
Package: etex 1998/03/26 v2.0 eTeX basic definition package (PEB)
\et@xins=\count88
)
("C:\Program Files (x86)\MiKTeX 2.9\tex\latex\nomencl\nomencl.sty"
Package: nomencl 2005/09/22 v4.2 Nomenclature package (LN)
\nomlabelwidth=\dimen103
\nom@tempdim=\dimen104
\nomitemsep=\skip43
)
("C:\Program Files (x86)\MiKTeX 2.9\tex\latex\tools\longtable.sty"
Package: longtable 2004/02/01 v4.11 Multi-page Table package (DPC)
\LTleft=\skip44
\LTright=\skip45
\LTpre=\skip46
\LTpost=\skip47
\LTchunksize=\count89
\LTcapwidth=\dimen105
\LT@head=\box26
\LT@firsthead=\box27
\LT@foot=\box28
\LT@lastfoot=\box29
\LT@cols=\count90
\LT@rows=\count91
\c@LT@tables=\count92
\c@LT@chunks=\count93
\LT@p@ftn=\toks14
)
("C:\Program Files (x86)\MiKTeX 2.9\tex\latex\base\ifthen.sty"
Package: ifthen 2001/05/26 v1.1c Standard LaTeX ifthen package (DPC)
)
("C:\Program Files (x86)\MiKTeX 2.9\tex\latex\base\fontenc.sty"
Package: fontenc 2005/09/27 v1.99g Standard LaTeX package

("C:\Program Files (x86)\MiKTeX 2.9\tex\latex\base\t1enc.def"
File: t1enc.def 2005/09/27 v1.99g Standard LaTeX file
LaTeX Font Info:    Redeclaring font encoding T1 on input line 43.
))
("C:\Program Files (x86)\MiKTeX 2.9\tex\latex\geometry\geometry.sty"
Package: geometry 2010/09/12 v5.6 Page Geometry

("C:\Program Files (x86)\MiKTeX 2.9\tex\latex\graphics\keyval.sty"
Package: keyval 1999/03/16 v1.13 key=value parser (DPC)
\KV@toks@=\toks15
)
("C:\Program Files (x86)\MiKTeX 2.9\tex\generic\oberdiek\ifpdf.sty"
Package: ifpdf 2011/01/30 v2.3 Provides the ifpdf switch (HO)
Package ifpdf Info: pdfTeX in PDF mode is detected.
)
("C:\Program Files (x86)\MiKTeX 2.9\tex\generic\oberdiek\ifvtex.sty"
Package: ifvtex 2010/03/01 v1.5 Detect VTeX and its facilities (HO)
Package ifvtex Info: VTeX not detected.
)
("C:\Program Files (x86)\MiKTeX 2.9\tex\generic\ifxetex\ifxetex.sty"
Package: ifxetex 2010/09/12 v0.6 Provides ifxetex conditional
)
\Gm@cnth=\count94
\Gm@cntv=\count95
\c@Gm@tempcnt=\count96
\Gm@bindingoffset=\dimen106
\Gm@wd@mp=\dimen107
\Gm@odd@mp=\dimen108
\Gm@even@mp=\dimen109
\Gm@layoutwidth=\dimen110
\Gm@layoutheight=\dimen111
\Gm@layouthoffset=\dimen112
\Gm@layoutvoffset=\dimen113
\Gm@dimlist=\toks16

("C:\Program Files (x86)\MiKTeX 2.9\tex\latex\geometry\geometry.cfg"))
("C:\Program Files (x86)\MiKTeX 2.9\tex\latex\acronym\acronym.sty"
Package: acronym 2015/03/21 v1.41 Support for acronyms (Tobias Oetiker)

("C:\Program Files (x86)\MiKTeX 2.9\tex\latex\bigfoot\suffix.sty"
Package: suffix 2006/07/15 1.5a Variant command support
)
("C:\Program Files (x86)\MiKTeX 2.9\tex\latex\xstring\xstring.sty"
("C:\Program Files (x86)\MiKTeX 2.9\tex\generic\xstring\xstring.tex"
\@xs@message=\write3
\integerpart=\count97
\decimalpart=\count98
)
Package: xstring 2013/10/13  v1.7c  String manipulations (C Tellechea)
)
\AC@clearlist=\toks17
)
("C:\Program Files (x86)\MiKTeX 2.9\tex\latex\graphics\graphicx.sty"
Package: graphicx 1999/02/16 v1.0f Enhanced LaTeX Graphics (DPC,SPQR)

("C:\Program Files (x86)\MiKTeX 2.9\tex\latex\graphics\graphics.sty"
Package: graphics 2009/02/05 v1.0o Standard LaTeX Graphics (DPC,SPQR)

("C:\Program Files (x86)\MiKTeX 2.9\tex\latex\graphics\trig.sty"
Package: trig 1999/03/16 v1.09 sin cos tan (DPC)
)
("C:\Program Files (x86)\MiKTeX 2.9\tex\latex\00miktex\graphics.cfg"
File: graphics.cfg 2007/01/18 v1.5 graphics configuration of teTeX/TeXLive
)
Package graphics Info: Driver file: pdftex.def on input line 91.

("C:\Program Files (x86)\MiKTeX 2.9\tex\latex\pdftex-def\pdftex.def"
File: pdftex.def 2011/05/27 v0.06d Graphics/color for pdfTeX

("C:\Program Files (x86)\MiKTeX 2.9\tex\generic\oberdiek\infwarerr.sty"
Package: infwarerr 2010/04/08 v1.3 Providing info/warning/error messages (HO)
)
("C:\Program Files (x86)\MiKTeX 2.9\tex\generic\oberdiek\ltxcmds.sty"
Package: ltxcmds 2011/11/09 v1.22 LaTeX kernel commands for general use (HO)
)
\Gread@gobject=\count99
))
\Gin@req@height=\dimen114
\Gin@req@width=\dimen115
)
("C:\Program Files (x86)\MiKTeX 2.9\tex\latex\fancyhdr\fancyhdr.sty"
\fancy@headwidth=\skip48
\f@ncyO@elh=\skip49
\f@ncyO@erh=\skip50
\f@ncyO@olh=\skip51
\f@ncyO@orh=\skip52
\f@ncyO@elf=\skip53
\f@ncyO@erf=\skip54
\f@ncyO@olf=\skip55
\f@ncyO@orf=\skip56
)
("C:\Program Files (x86)\MiKTeX 2.9\tex\latex\amsmath\amsmath.sty"
Package: amsmath 2013/01/14 v2.14 AMS math features
\@mathmargin=\skip57

For additional information on amsmath, use the `?' option.
("C:\Program Files (x86)\MiKTeX 2.9\tex\latex\amsmath\amstext.sty"
Package: amstext 2000/06/29 v2.01

("C:\Program Files (x86)\MiKTeX 2.9\tex\latex\amsmath\amsgen.sty"
File: amsgen.sty 1999/11/30 v2.0
\@emptytoks=\toks18
\ex@=\dimen116
))
("C:\Program Files (x86)\MiKTeX 2.9\tex\latex\amsmath\amsbsy.sty"
Package: amsbsy 1999/11/29 v1.2d
\pmbraise@=\dimen117
)
("C:\Program Files (x86)\MiKTeX 2.9\tex\latex\amsmath\amsopn.sty"
Package: amsopn 1999/12/14 v2.01 operator names
)
\inf@bad=\count100
LaTeX Info: Redefining \frac on input line 210.
\uproot@=\count101
\leftroot@=\count102
LaTeX Info: Redefining \overline on input line 306.
\classnum@=\count103
\DOTSCASE@=\count104
LaTeX Info: Redefining \ldots on input line 378.
LaTeX Info: Redefining \dots on input line 381.
LaTeX Info: Redefining \cdots on input line 466.
\Mathstrutbox@=\box30
\strutbox@=\box31
\big@size=\dimen118
LaTeX Font Info:    Redeclaring font encoding OML on input line 566.
LaTeX Font Info:    Redeclaring font encoding OMS on input line 567.
\macc@depth=\count105
\c@MaxMatrixCols=\count106
\dotsspace@=\muskip10
\c@parentequation=\count107
\dspbrk@lvl=\count108
\tag@help=\toks19
\row@=\count109
\column@=\count110
\maxfields@=\count111
\andhelp@=\toks20
\eqnshift@=\dimen119
\alignsep@=\dimen120
\tagshift@=\dimen121
\tagwidth@=\dimen122
\totwidth@=\dimen123
\lineht@=\dimen124
\@envbody=\toks21
\multlinegap=\skip58
\multlinetaggap=\skip59
\mathdisplay@stack=\toks22
LaTeX Info: Redefining \[ on input line 2665.
LaTeX Info: Redefining \] on input line 2666.
)
("C:\Program Files (x86)\MiKTeX 2.9\tex\latex\amscls\amsthm.sty"
Package: amsthm 2004/08/06 v2.20
\thm@style=\toks23
\thm@bodyfont=\toks24
\thm@headfont=\toks25
\thm@notefont=\toks26
\thm@headpunct=\toks27
\thm@preskip=\skip60
\thm@postskip=\skip61
\thm@headsep=\skip62
\dth@everypar=\toks28
)
("C:\Program Files (x86)\MiKTeX 2.9\tex\latex\amsfonts\amssymb.sty"
Package: amssymb 2013/01/14 v3.01 AMS font symbols

("C:\Program Files (x86)\MiKTeX 2.9\tex\latex\amsfonts\amsfonts.sty"
Package: amsfonts 2013/01/14 v3.01 Basic AMSFonts support
\symAMSa=\mathgroup4
\symAMSb=\mathgroup5
LaTeX Font Info:    Overwriting math alphabet `\mathfrak' in version `bold'
(Font)                  U/euf/m/n --> U/euf/b/n on input line 106.
))
("C:\Program Files (x86)\MiKTeX 2.9\tex\latex\mathtools\mathtools.sty"
Package: mathtools 2015/06/17 v1.17 mathematical typesetting tools

("C:\Program Files (x86)\MiKTeX 2.9\tex\latex\tools\calc.sty"
Package: calc 2007/08/22 v4.3 Infix arithmetic (KKT,FJ)
\calc@Acount=\count112
\calc@Bcount=\count113
\calc@Adimen=\dimen125
\calc@Bdimen=\dimen126
\calc@Askip=\skip63
\calc@Bskip=\skip64
LaTeX Info: Redefining \setlength on input line 76.
LaTeX Info: Redefining \addtolength on input line 77.
\calc@Ccount=\count114
\calc@Cskip=\skip65
)
("C:\Program Files (x86)\MiKTeX 2.9\tex\latex\mathtools\mhsetup.sty"
Package: mhsetup 2010/01/21 v1.2a programming setup (MH)
)
LaTeX Info: Thecontrolsequence`\['isalreadyrobust on input line 129.
LaTeX Info: Thecontrolsequence`\]'isalreadyrobust on input line 129.
\g_MT_multlinerow_int=\count115
\l_MT_multwidth_dim=\dimen127
\origjot=\skip66
\l_MT_shortvdotswithinadjustabove_dim=\dimen128
\l_MT_shortvdotswithinadjustbelow_dim=\dimen129
\l_MT_above_intertext_sep=\dimen130
\l_MT_below_intertext_sep=\dimen131
\l_MT_above_shortintertext_sep=\dimen132
\l_MT_below_shortintertext_sep=\dimen133
)
("C:\Program Files (x86)\MiKTeX 2.9\tex\latex\floatflt\floatflt.sty"
Package: floatflt 1997/07/16 v. 1.31
\c@OptionTest=\count116
\figbox=\box32
\tabbox=\box33
\pagebox=\box34
\ffigcount=\count117
\ftabcount=\count118
\fftest=\count119
\hangcount=\count120
\nosuccesstryfig=\count121
\nosuccesstrytab=\count122
\figgutter=\dimen134
\tabgutter=\dimen135
\htdone=\dimen136
\pageht=\dimen137
\startpageht=\dimen138
\tabbredd=\dimen139
\floatfltwidth=\dimen140
\fltitemwidth=\dimen141
\outputpretest=\toks29
)
("C:\Program Files (x86)\MiKTeX 2.9\tex\latex\float\float.sty"
Package: float 2001/11/08 v1.3d Float enhancements (AL)
\c@float@type=\count123
\float@exts=\toks30
\float@box=\box35
\@float@everytoks=\toks31
\@floatcapt=\box36
)
("C:\Program Files (x86)\MiKTeX 2.9\tex\latex\picins\picins.sty"
Option `picins' Version 3.0 Sep. 1992, TH Darmstadt/HRZ
\@BILD=\box37
\@TEXT=\box38
\d@breite=\dimen142
\d@hoehe=\dimen143
\d@xoff=\dimen144
\d@yoff=\dimen145
\d@shad=\dimen146
\d@dash=\dimen147
\d@boxl=\dimen148
\d@pichskip=\dimen149
\d@tmp=\dimen150
\d@tmpa=\dimen151
\d@bskip=\dimen152
\hsiz@=\dimen153
\p@getot@l=\dimen154
\c@breite=\count124
\c@hoehe=\count125
\c@xoff=\count126
\c@yoff=\count127
\c@pos=\count128
\c@shad=\count129
\c@dash=\count130
\c@boxl=\count131
\c@zeilen=\count132
\@changemode=\count133
\c@piccaption=\count134
\c@piccaptionpos=\count135
\c@picpos=\count136
\c@whole=\count137
\c@half=\count138
\c@tmp=\count139
\c@tmpa=\count140
\c@tmpb=\count141
\c@tmpc=\count142
\c@tmpd=\count143
\d@leftskip=\skip67
\ptoti=\dimen155
\ptotii=\dimen156
\env@box=\box39
\d@envdp=\dimen157
\c@hsize=\count144
\c@envdp=\count145
\d@envb=\dimen158
)
("C:\Program Files (x86)\MiKTeX 2.9\tex\latex\wrapfig\wrapfig.sty"
\wrapoverhang=\dimen159
\WF@size=\dimen160
\c@WF@wrappedlines=\count146
\WF@box=\box40
\WF@everypar=\toks32
Package: wrapfig 2003/01/31  v 3.6
)
("C:\Program Files (x86)\MiKTeX 2.9\tex\latex\threeparttable\threeparttable.sty"
Package: threeparttable 2003/06/13  v 3.0
\@tempboxb=\box41
)
("C:\Program Files (x86)\MiKTeX 2.9\tex\latex\base\textcomp.sty"
Package: textcomp 2005/09/27 v1.99g Standard LaTeX package
Package textcomp Info: Sub-encoding information:
(textcomp)               5 = only ISO-Adobe without \textcurrency
(textcomp)               4 = 5 + \texteuro
(textcomp)               3 = 4 + \textohm
(textcomp)               2 = 3 + \textestimated + \textcurrency
(textcomp)               1 = TS1 - \textcircled - \t
(textcomp)               0 = TS1 (full)
(textcomp)             Font families with sub-encoding setting implement
(textcomp)             only a restricted character set as indicated.
(textcomp)             Family '?' is the default used for unknown fonts.
(textcomp)             See the documentation for details.
Package textcomp Info: Setting ? sub-encoding to TS1/1 on input line 71.

("C:\Program Files (x86)\MiKTeX 2.9\tex\latex\base\ts1enc.def"
File: ts1enc.def 2001/06/05 v3.0e (jk/car/fm) Standard LaTeX file
)
LaTeX Info: Redefining \oldstylenums on input line 266.
Package textcomp Info: Setting cmr sub-encoding to TS1/0 on input line 281.
Package textcomp Info: Setting cmss sub-encoding to TS1/0 on input line 282.
Package textcomp Info: Setting cmtt sub-encoding to TS1/0 on input line 283.
Package textcomp Info: Setting cmvtt sub-encoding to TS1/0 on input line 284.
Package textcomp Info: Setting cmbr sub-encoding to TS1/0 on input line 285.
Package textcomp Info: Setting cmtl sub-encoding to TS1/0 on input line 286.
Package textcomp Info: Setting ccr sub-encoding to TS1/0 on input line 287.
Package textcomp Info: Setting ptm sub-encoding to TS1/4 on input line 288.
Package textcomp Info: Setting pcr sub-encoding to TS1/4 on input line 289.
Package textcomp Info: Setting phv sub-encoding to TS1/4 on input line 290.
Package textcomp Info: Setting ppl sub-encoding to TS1/3 on input line 291.
Package textcomp Info: Setting pag sub-encoding to TS1/4 on input line 292.
Package textcomp Info: Setting pbk sub-encoding to TS1/4 on input line 293.
Package textcomp Info: Setting pnc sub-encoding to TS1/4 on input line 294.
Package textcomp Info: Setting pzc sub-encoding to TS1/4 on input line 295.
Package textcomp Info: Setting bch sub-encoding to TS1/4 on input line 296.
Package textcomp Info: Setting put sub-encoding to TS1/5 on input line 297.
Package textcomp Info: Setting uag sub-encoding to TS1/5 on input line 298.
Package textcomp Info: Setting ugq sub-encoding to TS1/5 on input line 299.
Package textcomp Info: Setting ul8 sub-encoding to TS1/4 on input line 300.
Package textcomp Info: Setting ul9 sub-encoding to TS1/4 on input line 301.
Package textcomp Info: Setting augie sub-encoding to TS1/5 on input line 302.
Package textcomp Info: Setting dayrom sub-encoding to TS1/3 on input line 303.
Package textcomp Info: Setting dayroms sub-encoding to TS1/3 on input line 304.
Package textcomp Info: Setting pxr sub-encoding to TS1/0 on input line 305.
Package textcomp Info: Setting pxss sub-encoding to TS1/0 on input line 306.
Package textcomp Info: Setting pxtt sub-encoding to TS1/0 on input line 307.
Package textcomp Info: Setting txr sub-encoding to TS1/0 on input line 308.
Package textcomp Info: Setting txss sub-encoding to TS1/0 on input line 309.
Package textcomp Info: Setting txtt sub-encoding to TS1/0 on input line 310.
Package textcomp Info: Setting lmr sub-encoding to TS1/0 on input line 311.
Package textcomp Info: Setting lmdh sub-encoding to TS1/0 on input line 312.
Package textcomp Info: Setting lmss sub-encoding to TS1/0 on input line 313.
Package textcomp Info: Setting lmssq sub-encoding to TS1/0 on input line 314.
Package textcomp Info: Setting lmvtt sub-encoding to TS1/0 on input line 315.
Package textcomp Info: Setting qhv sub-encoding to TS1/0 on input line 316.
Package textcomp Info: Setting qag sub-encoding to TS1/0 on input line 317.
Package textcomp Info: Setting qbk sub-encoding to TS1/0 on input line 318.
Package textcomp Info: Setting qcr sub-encoding to TS1/0 on input line 319.
Package textcomp Info: Setting qcs sub-encoding to TS1/0 on input line 320.
Package textcomp Info: Setting qpl sub-encoding to TS1/0 on input line 321.
Package textcomp Info: Setting qtm sub-encoding to TS1/0 on input line 322.
Package textcomp Info: Setting qzc sub-encoding to TS1/0 on input line 323.
Package textcomp Info: Setting qhvc sub-encoding to TS1/0 on input line 324.
Package textcomp Info: Setting futs sub-encoding to TS1/4 on input line 325.
Package textcomp Info: Setting futx sub-encoding to TS1/4 on input line 326.
Package textcomp Info: Setting futj sub-encoding to TS1/4 on input line 327.
Package textcomp Info: Setting hlh sub-encoding to TS1/3 on input line 328.
Package textcomp Info: Setting hls sub-encoding to TS1/3 on input line 329.
Package textcomp Info: Setting hlst sub-encoding to TS1/3 on input line 330.
Package textcomp Info: Setting hlct sub-encoding to TS1/5 on input line 331.
Package textcomp Info: Setting hlx sub-encoding to TS1/5 on input line 332.
Package textcomp Info: Setting hlce sub-encoding to TS1/5 on input line 333.
Package textcomp Info: Setting hlcn sub-encoding to TS1/5 on input line 334.
Package textcomp Info: Setting hlcw sub-encoding to TS1/5 on input line 335.
Package textcomp Info: Setting hlcf sub-encoding to TS1/5 on input line 336.
Package textcomp Info: Setting pplx sub-encoding to TS1/3 on input line 337.
Package textcomp Info: Setting pplj sub-encoding to TS1/3 on input line 338.
Package textcomp Info: Setting ptmx sub-encoding to TS1/4 on input line 339.
Package textcomp Info: Setting ptmj sub-encoding to TS1/4 on input line 340.
)
("C:\Program Files (x86)\MiKTeX 2.9\tex\latex\tools\tabularx.sty"
Package: tabularx 1999/01/07 v2.07 `tabularx' package (DPC)

("C:\Program Files (x86)\MiKTeX 2.9\tex\latex\tools\array.sty"
Package: array 2008/09/09 v2.4c Tabular extension package (FMi)
\col@sep=\dimen161
\extrarowheight=\dimen162
\NC@list=\toks33
\extratabsurround=\skip68
\backup@length=\skip69
)
\TX@col@width=\dimen163
\TX@old@table=\dimen164
\TX@old@col=\dimen165
\TX@target=\dimen166
\TX@delta=\dimen167
\TX@cols=\count147
\TX@ftn=\toks34
)
("C:\Program Files (x86)\MiKTeX 2.9\tex\latex\tools\hhline.sty"
Package: hhline 1994/05/23 v2.03 Table rule package (DPC)
)
("C:\Program Files (x86)\MiKTeX 2.9\tex\latex\siunitx\siunitx.sty"
("C:\Program Files (x86)\MiKTeX 2.9\tex\latex\l3kernel\expl3.sty"
Package: expl3 2015/06/15 v5630 L3 programming layer (loader) 

("C:\Program Files (x86)\MiKTeX 2.9\tex\latex\l3kernel\expl3-code.tex"
Package: expl3 2015/06/15 v5630 L3 programming layer (code) 
L3 Module: l3bootstrap 2015/05/20 v5608 L3 Bootstrap code
L3 Module: l3names 2015/02/24 v5535 L3 Namespace for primitives
L3 Module: l3basics 2015/01/27 v5500 L3 Basic definitions
L3 Module: l3expan 2014/11/27 v5472 L3 Argument expansion
L3 Module: l3tl 2015/01/27 v5500 L3 Token lists
L3 Module: l3str 2015/03/01 v5545 L3 Strings
L3 Module: l3seq 2014/08/23 v5354 L3 Sequences and stacks
L3 Module: l3int 2015/02/21 v5529 L3 Integers
\c_max_int=\count148
\l_tmpa_int=\count149
\l_tmpb_int=\count150
\g_tmpa_int=\count151
\g_tmpb_int=\count152
L3 Module: l3quark 2014/08/23 v5354 L3 Quarks
L3 Module: l3prg 2015/04/13 v5566 L3 Control structures
\g__prg_map_int=\count153
L3 Module: l3clist 2014/08/23 v5354 L3 Comma separated lists
L3 Module: l3token 2014/09/15 v5422 L3 Experimental token manipulation
L3 Module: l3prop 2014/08/23 v5354 L3 Property lists
L3 Module: l3msg 2015/02/26 v5537 L3 Messages
L3 Module: l3file 2015/06/07 v5627 L3 File and I/O operations
\l_iow_line_count_int=\count154
\l__iow_target_count_int=\count155
\l__iow_current_line_int=\count156
\l__iow_current_word_int=\count157
\l__iow_current_indentation_int=\count158
L3 Module: l3skip 2015/05/18 v5607 L3 Dimensions and skips
\c_zero_dim=\dimen168
\c_max_dim=\dimen169
\l_tmpa_dim=\dimen170
\l_tmpb_dim=\dimen171
\g_tmpa_dim=\dimen172
\g_tmpb_dim=\dimen173
\c_zero_skip=\skip70
\c_max_skip=\skip71
\l_tmpa_skip=\skip72
\l_tmpb_skip=\skip73
\g_tmpa_skip=\skip74
\g_tmpb_skip=\skip75
\c_zero_muskip=\muskip11
\c_max_muskip=\muskip12
\l_tmpa_muskip=\muskip13
\l_tmpb_muskip=\muskip14
\g_tmpa_muskip=\muskip15
\g_tmpb_muskip=\muskip16
L3 Module: l3keys 2015/06/14 v5629 L3 Key-value interfaces
\g__keyval_level_int=\count159
\l_keys_choice_int=\count160
L3 Module: l3fp 2014/08/22 v5336 L3 Floating points
\c__fp_leading_shift_int=\count161
\c__fp_middle_shift_int=\count162
\c__fp_trailing_shift_int=\count163
\c__fp_big_leading_shift_int=\count164
\c__fp_big_middle_shift_int=\count165
\c__fp_big_trailing_shift_int=\count166
\c__fp_Bigg_leading_shift_int=\count167
\c__fp_Bigg_middle_shift_int=\count168
\c__fp_Bigg_trailing_shift_int=\count169
L3 Module: l3box 2014/08/23 v5354 L3 Experimental boxes
\c_empty_box=\box42
\l_tmpa_box=\box43
\l_tmpb_box=\box44
\g_tmpa_box=\box45
\g_tmpb_box=\box46
L3 Module: l3coffins 2014/08/23 v5354 L3 Coffin code layer
\l__coffin_internal_box=\box47
\l__coffin_internal_dim=\dimen174
\l__coffin_offset_x_dim=\dimen175
\l__coffin_offset_y_dim=\dimen176
\l__coffin_x_dim=\dimen177
\l__coffin_y_dim=\dimen178
\l__coffin_x_prime_dim=\dimen179
\l__coffin_y_prime_dim=\dimen180
\c_empty_coffin=\box48
\l__coffin_aligned_coffin=\box49
\l__coffin_aligned_internal_coffin=\box50
\l_tmpa_coffin=\box51
\l_tmpb_coffin=\box52
\l__coffin_display_coffin=\box53
\l__coffin_display_coord_coffin=\box54
\l__coffin_display_pole_coffin=\box55
\l__coffin_display_offset_dim=\dimen181
\l__coffin_display_x_dim=\dimen182
\l__coffin_display_y_dim=\dimen183
L3 Module: l3color 2014/08/23 v5354 L3 Experimental color support
L3 Module: l3candidates 2015/05/21 v5613 L3 Experimental additions to l3kernel
\l__box_top_dim=\dimen184
\l__box_bottom_dim=\dimen185
\l__box_left_dim=\dimen186
\l__box_right_dim=\dimen187
\l__box_top_new_dim=\dimen188
\l__box_bottom_new_dim=\dimen189
\l__box_left_new_dim=\dimen190
\l__box_right_new_dim=\dimen191
\l__box_internal_box=\box56
\l__coffin_bounding_shift_dim=\dimen192
\l__coffin_left_corner_dim=\dimen193
\l__coffin_right_corner_dim=\dimen194
\l__coffin_bottom_corner_dim=\dimen195
\l__coffin_top_corner_dim=\dimen196
\l__coffin_scaled_total_height_dim=\dimen197
\l__coffin_scaled_width_dim=\dimen198
)
("C:\Program Files (x86)\MiKTeX 2.9\tex\latex\l3kernel\l3unicode-data.def"
File: l3unicode-data.def 2015/03/01 v5544 L3 Unicode data
)
("C:\Program Files (x86)\MiKTeX 2.9\tex\latex\l3kernel\l3pdfmode.def"
File: l3pdfmode.def 2015/05/21 v5613 L3 Experimental driver: PDF mode
\l__driver_color_stack_int=\count170
))
("C:\Program Files (x86)\MiKTeX 2.9\tex\latex\l3packages\xparse\xparse.sty"
Package: xparse 2015/06/15 v5630 L3 Experimental document command parser
\l__xparse_current_arg_int=\count171
\l__xparse_m_args_int=\count172
\l__xparse_mandatory_args_int=\count173
\l__xparse_processor_int=\count174
\l__xparse_v_nesting_int=\count175
)
Package: siunitx 2015/06/25 v2.6g A comprehensive (SI) units package

("C:\Program Files (x86)\MiKTeX 2.9\tex\latex\l3packages\l3keys2e\l3keys2e.sty"
Package: l3keys2e 2015/06/15 v5630 LaTeX2e option processing using LaTeX3 keys
)
Variant \tl_if_blank:VTF already defined; not changing it on line 50
\l__siunitx_tmp_box=\box57
\l__siunitx_tmp_dim=\dimen199
\l__siunitx_tmp_int=\count176
Variant \prop_get:NVNT already defined; not changing it on line 380
Variant \prop_get:NVNF already defined; not changing it on line 381
Variant \prop_get:NVNTF already defined; not changing it on line 382
\l__siunitx_number_mantissa_length_int=\count177
\l__siunitx_number_uncert_length_int=\count178
\l__siunitx_round_int=\count179
\l__siunitx_process_decimal_int=\count180
\l__siunitx_process_uncertainty_int=\count181
\l__siunitx_process_fixed_int=\count182
\l__siunitx_process_integer_min_int=\count183
\l__siunitx_process_precision_int=\count184
\l__siunitx_group_min_int=\count185
\l__siunitx_angle_marker_box=\box58
\l__siunitx_angle_unit_box=\box59
\l__siunitx_angle_marker_dim=\dimen200
\l__siunitx_angle_unit_dim=\dimen201
\l__siunitx_unit_int=\count186
\l__siunitx_unit_denominator_int=\count187
\l__siunitx_unit_numerator_int=\count188
\l__siunitx_unit_prefix_int=\count189
\l__siunitx_unit_prefix_base_int=\count190
\l__siunitx_unit_prefix_gram_int=\count191
\l__siunitx_number_product_int=\count192
\c__siunitx_one_fill_skip=\skip76
\l__siunitx_table_unit_align_skip=\skip77
Normal \dimen register pool exhausted, switching to extended pool.
\l__siunitx_table_exponent_dim=\dimen256
\l__siunitx_table_integer_dim=\dimen257
\l__siunitx_table_mantissa_dim=\dimen258
\l__siunitx_table_marker_dim=\dimen259
\l__siunitx_table_result_dim=\dimen260
\l__siunitx_table_uncert_dim=\dimen261
\l__siunitx_table_fill_pre_dim=\dimen262
\l__siunitx_table_fill_post_dim=\dimen263
\l__siunitx_table_fill_mid_dim=\dimen264
\l__siunitx_table_pre_box=\box60
\l__siunitx_table_post_box=\box61
\l__siunitx_table_mantissa_box=\box62
\l__siunitx_table_result_box=\box63
\l__siunitx_table_number_align_skip=\skip78
\l__siunitx_table_text_align_skip=\skip79
.................................................
. LaTeX info: "xparse/define-command"
. 
. Defining command \DeclareBinaryPrefix with sig. 'mmm' on line 7184.
.................................................
.................................................
. LaTeX info: "xparse/define-command"
. 
. Defining command \DeclareSIPostPower with sig. 'mm' on line 7187.
.................................................
.................................................
. LaTeX info: "xparse/define-command"
. 
. Defining command \DeclareSIPrefix with sig. 'mmm' on line 7190.
.................................................
.................................................
. LaTeX info: "xparse/define-command"
. 
. Defining command \DeclareSIPrePower with sig. 'mm' on line 7193.
.................................................
.................................................
. LaTeX info: "xparse/define-command"
. 
. Defining command \DeclareSIQualifier with sig. 'mm' on line 7196.
.................................................
.................................................
. LaTeX info: "xparse/define-command"
. 
. Defining command \DeclareSIUnit with sig. 'O{}mm' on line 7199.
.................................................
.................................................
. LaTeX info: "xparse/define-command"
. 
. Defining command \DeclareSIUnitWithOptions with sig. 'mmm' on line 7202.
.................................................
.................................................
. LaTeX info: "xparse/define-command"
. 
. Defining command \ang with sig. 'o>{\SplitArgument {2}{;}}m' on line 7217.
.................................................
.................................................
. LaTeX info: "xparse/define-command"
. 
. Defining command \num with sig. 'om' on line 7225.
.................................................
.................................................
. LaTeX info: "xparse/define-command"
. 
. Defining command \numlist with sig. 'o>{\SplitList {;}}m' on line 7233.
.................................................
.................................................
. LaTeX info: "xparse/define-command"
. 
. Defining command \numrange with sig. 'omm' on line 7241.
.................................................
.................................................
. LaTeX info: "xparse/define-command"
. 
. Defining command \SIlist with sig. 'o>{\SplitList {;}}mm' on line 7252.
.................................................
.................................................
. LaTeX info: "xparse/define-command"
. 
. Defining command \SIrange with sig. 'ommm' on line 7263.
.................................................
.................................................
. LaTeX info: "xparse/define-command"
. 
. Defining command \SI with sig. 'omom' on line 7274.
.................................................
.................................................
. LaTeX info: "xparse/define-command"
. 
. Defining command \sisetup with sig. 'm' on line 7277.
.................................................
.................................................
. LaTeX info: "xparse/define-command"
. 
. Defining command \tablenum with sig. 'om' on line 7289.
.................................................
.................................................
. LaTeX info: "xparse/define-command"
. 
. Defining command \si with sig. 'om' on line 7300.
.................................................
.................................................
. LaTeX info: "xparse/define-command"
. 
. Defining command \__siunitx_bookmark_num:w with sig. 'om' on line 7347.
.................................................
.................................................
. LaTeX info: "xparse/define-command"
. 
. Defining command \__siunitx_bookmark_numrange:w with sig. 'omm' on line
. 7349.
.................................................
.................................................
. LaTeX info: "xparse/define-command"
. 
. Defining command \__siunitx_bookmark_SI:w with sig. 'omom' on line 7351.
.................................................
.................................................
. LaTeX info: "xparse/define-command"
. 
. Defining command \__siunitx_bookmark_SIlist:w with sig. 'omm' on line 7353.
.................................................
.................................................
. LaTeX info: "xparse/define-command"
. 
. Defining command \__siunitx_bookmark_SIrange:w with sig. 'ommm' on line
. 7355.
.................................................
.................................................
. LaTeX info: "xparse/define-command"
. 
. Defining command \__siunitx_bookmark_si:w with sig. 'om' on line 7356.
.................................................
\g__file_internal_ior=\read1

("C:\Program Files (x86)\MiKTeX 2.9\tex\latex\beamer\base\translator\translator.sty"
Package: translator 2010/06/12 ver 1.10

("C:\Program Files (x86)\MiKTeX 2.9\tex\latex\beamer\base\translator\translator-language-mappings.tex")))
("C:\Program Files (x86)\MiKTeX 2.9\tex\latex\framed\framed.sty"
Package: framed 2011/10/22 v 0.96: framed or shaded text with page breaks
\OuterFrameSep=\skip80
\fb@frw=\dimen265
\fb@frh=\dimen266
\FrameRule=\dimen267
\FrameSep=\dimen268
)
("C:\Program Files (x86)\MiKTeX 2.9\tex\latex\graphics\color.sty"
Package: color 2005/11/14 v1.0j Standard LaTeX Color (DPC)

("C:\Program Files (x86)\MiKTeX 2.9\tex\latex\00miktex\color.cfg"
File: color.cfg 2007/01/18 v1.5 color configuration of teTeX/TeXLive
)
Package color Info: Driver file: pdftex.def on input line 130.
)
("C:\Program Files (x86)\MiKTeX 2.9\tex\latex\psnfss\courier.sty"
Package: courier 2005/04/12 PSNFSS-v9.2a (WaS) 
)
("C:\Program Files (x86)\MiKTeX 2.9\tex\latex\listings\listings.sty"
\lst@mode=\count193
\lst@gtempboxa=\box64
\lst@token=\toks35
\lst@length=\count194
\lst@currlwidth=\dimen269
\lst@column=\count195
\lst@pos=\count196
\lst@lostspace=\dimen270
\lst@width=\dimen271
\lst@newlines=\count197
\lst@lineno=\count198
\lst@maxwidth=\dimen272

("C:\Program Files (x86)\MiKTeX 2.9\tex\latex\listings\lstmisc.sty"
File: lstmisc.sty 2015/06/04 1.6 (Carsten Heinz)
\c@lstnumber=\count199
\lst@skipnumbers=\count200
\lst@framebox=\box65
)
("C:\Program Files (x86)\MiKTeX 2.9\tex\latex\listings\listings.cfg"
File: listings.cfg 2015/06/04 1.6 listings configuration
))
Package: listings 2015/06/04 1.6 (Carsten Heinz)

("C:\Program Files (x86)\MiKTeX 2.9\tex\latex\tools\multicol.sty"
Package: multicol 2011/06/27 v1.7a multicolumn formatting (FMi)
\c@tracingmulticols=\count201
\mult@box=\box66
\multicol@leftmargin=\dimen273
Normal \count register pool exhausted, switching to extended pool.
\c@unbalance=\count277
\c@collectmore=\count278
\doublecol@number=\count279
\multicoltolerance=\count280
\multicolpretolerance=\count281
\full@width=\dimen274
\page@free=\dimen275
\premulticols=\dimen276
\postmulticols=\dimen277
\multicolsep=\skip81
\multicolbaselineskip=\skip82
\partial@page=\box67
\last@line=\box68
\mult@rightbox=\box69
\mult@grightbox=\box70
\mult@gfirstbox=\box71
\mult@firstbox=\box72
\@tempa=\box73
\@tempa=\box74
\@tempa=\box75
\@tempa=\box76
\@tempa=\box77
\@tempa=\box78
\@tempa=\box79
\@tempa=\box80
\@tempa=\box81
\@tempa=\box82
\@tempa=\box83
\@tempa=\box84
\@tempa=\box85
\@tempa=\box86
\@tempa=\box87
\@tempa=\box88
\@tempa=\box89
\c@columnbadness=\count282
\c@finalcolumnbadness=\count283
\last@try=\dimen278
\multicolovershoot=\dimen279
\multicolundershoot=\dimen280
\mult@nat@firstbox=\box90
\colbreak@box=\box91
\multicol@sort@counter=\count284
)
("C:\Program Files (x86)\MiKTeX 2.9\tex\latex\multirow\multirow.sty"
\bigstrutjot=\dimen281
)
("C:\Program Files (x86)\MiKTeX 2.9\tex\latex\url\url.sty"
\Urlmuskip=\muskip17
Package: url 2013/09/16  ver 3.4  Verb mode for urls, etc.
)
("C:\Program Files (x86)\MiKTeX 2.9\tex\latex\xcolor\xcolor.sty"
Package: xcolor 2007/01/21 v2.11 LaTeX color extensions (UK)

("C:\Program Files (x86)\MiKTeX 2.9\tex\latex\00miktex\color.cfg"
File: color.cfg 2007/01/18 v1.5 color configuration of teTeX/TeXLive
)
Package xcolor Info: Driver file: pdftex.def on input line 225.
LaTeX Info: Redefining \color on input line 702.
Package xcolor Info: Model `cmy' substituted by `cmy0' on input line 1337.
Package xcolor Info: Model `hsb' substituted by `rgb' on input line 1341.
Package xcolor Info: Model `RGB' extended on input line 1353.
Package xcolor Info: Model `HTML' substituted by `rgb' on input line 1355.
Package xcolor Info: Model `Hsb' substituted by `hsb' on input line 1356.
Package xcolor Info: Model `tHsb' substituted by `hsb' on input line 1357.
Package xcolor Info: Model `HSB' substituted by `hsb' on input line 1358.
Package xcolor Info: Model `Gray' substituted by `gray' on input line 1359.
Package xcolor Info: Model `wave' substituted by `hsb' on input line 1360.
)
("C:\Program Files (x86)\MiKTeX 2.9\tex\latex\eurosym\eurosym.sty"
Package: eurosym 1998/08/06 v1.1 European currency symbol ``Euro''
\@eurobox=\box92
)
("C:\Program Files (x86)\MiKTeX 2.9\tex\latex\colortbl\colortbl.sty"
Package: colortbl 2012/02/13 v1.0a Color table columns (DPC)
\everycr=\toks36
\minrowclearance=\skip83
)
("C:\Program Files (x86)\MiKTeX 2.9\tex\latex\subfigure\subfigure.sty"
Package: subfigure 2002/07/30 v2.1.4 subfigure package
\subfigtopskip=\skip84
\subfigcapskip=\skip85
\subfigcaptopadj=\dimen282
\subfigbottomskip=\skip86
\subfigcapmargin=\dimen283
\subfiglabelskip=\skip87
\c@subfigure=\count285
\c@lofdepth=\count286
\c@subtable=\count287
\c@lotdepth=\count288

****************************************
* Local config file subfigure.cfg used *
****************************************
("C:\Program Files (x86)\MiKTeX 2.9\tex\latex\subfigure\subfigure.cfg")
\subfig@top=\skip88
\subfig@bottom=\skip89
)
("C:\Program Files (x86)\MiKTeX 2.9\tex\latex\setspace\setspace.sty"
Package: setspace 2011/12/19 v6.7a set line spacing
)
("C:\Program Files (x86)\MiKTeX 2.9\tex\latex\mdwtools\footnote.sty"
Package: footnote 1997/01/28 1.13 Save footnotes around boxes
\fn@notes=\box93
\fn@width=\dimen284
)
("C:\Program Files (x86)\MiKTeX 2.9\tex\latex\wasysym\wasysym.sty"
Package: wasysym 2003/10/30 v2.0 Wasy-2 symbol support package
\symwasy=\mathgroup6
LaTeX Font Info:    Overwriting symbol font `wasy' in version `bold'
(Font)                  U/wasy/m/n --> U/wasy/b/n on input line 90.
)
("C:\Program Files (x86)\MiKTeX 2.9\tex\latex\footmisc\footmisc.sty"
Package: footmisc 2011/06/06 v5.5b a miscellany of footnote facilities
\FN@temptoken=\toks37
\footnotemargin=\dimen285


LaTeX Warning: Command \@makecol  has changed.
               Check if current package is valid.

\c@pp@next@reset=\count289
Package footmisc Info: Declaring symbol style bringhurst on input line 855.
Package footmisc Info: Declaring symbol style chicago on input line 863.
Package footmisc Info: Declaring symbol style wiley on input line 872.
Package footmisc Info: Declaring symbol style lamport-robust on input line 883.
Package footmisc Info: Declaring symbol style lamport* on input line 903.
Package footmisc Info: Declaring symbol style lamport*-robust on input line 924.
) ("C:\Program Files (x86)\MiKTeX 2.9\tex\latex\pgf\frontendlayer\tikz.sty"
("C:\Program Files (x86)\MiKTeX 2.9\tex\latex\pgf\basiclayer\pgf.sty"
("C:\Program Files (x86)\MiKTeX 2.9\tex\latex\pgf\utilities\pgfrcs.sty"
("C:\Program Files (x86)\MiKTeX 2.9\tex\generic\pgf\utilities\pgfutil-common.tex"
\pgfutil@everybye=\toks38
\pgfutil@tempdima=\dimen286
\pgfutil@tempdimb=\dimen287

("C:\Program Files (x86)\MiKTeX 2.9\tex\generic\pgf\utilities\pgfutil-common-lists.tex"))
("C:\Program Files (x86)\MiKTeX 2.9\tex\generic\pgf\utilities\pgfutil-latex.def"
\pgfutil@abb=\box94

("C:\Program Files (x86)\MiKTeX 2.9\tex\latex\ms\everyshi.sty"
Package: everyshi 2001/05/15 v3.00 EveryShipout Package (MS)
))
("C:\Program Files (x86)\MiKTeX 2.9\tex\generic\pgf\utilities\pgfrcs.code.tex"
Package: pgfrcs 2013/12/20 v3.0.0 (rcs-revision 1.28)
))
Package: pgf 2013/12/18 v3.0.0 (rcs-revision 1.14)

("C:\Program Files (x86)\MiKTeX 2.9\tex\latex\pgf\basiclayer\pgfcore.sty"
("C:\Program Files (x86)\MiKTeX 2.9\tex\latex\pgf\systemlayer\pgfsys.sty"
("C:\Program Files (x86)\MiKTeX 2.9\tex\generic\pgf\systemlayer\pgfsys.code.tex"
Package: pgfsys 2013/11/30 v3.0.0 (rcs-revision 1.47)

("C:\Program Files (x86)\MiKTeX 2.9\tex\generic\pgf\utilities\pgfkeys.code.tex"
\pgfkeys@pathtoks=\toks39
\pgfkeys@temptoks=\toks40

("C:\Program Files (x86)\MiKTeX 2.9\tex\generic\pgf\utilities\pgfkeysfiltered.code.tex"
\pgfkeys@tmptoks=\toks41
))
\pgf@x=\dimen288
\pgf@y=\dimen289
\pgf@xa=\dimen290
\pgf@ya=\dimen291
\pgf@xb=\dimen292
\pgf@yb=\dimen293
\pgf@xc=\dimen294
\pgf@yc=\dimen295
\w@pgf@writea=\write4
\r@pgf@reada=\read2
\c@pgf@counta=\count290
\c@pgf@countb=\count291
\c@pgf@countc=\count292
\c@pgf@countd=\count293
\t@pgf@toka=\toks42
\t@pgf@tokb=\toks43
\t@pgf@tokc=\toks44

("C:\Program Files (x86)\MiKTeX 2.9\tex\generic\pgf\systemlayer\pgf.cfg"
File: pgf.cfg 2008/05/14  (rcs-revision 1.7)
)
Driver file for pgf: pgfsys-pdftex.def

("C:\Program Files (x86)\MiKTeX 2.9\tex\generic\pgf\systemlayer\pgfsys-pdftex.def"
File: pgfsys-pdftex.def 2013/07/18  (rcs-revision 1.33)

("C:\Program Files (x86)\MiKTeX 2.9\tex\generic\pgf\systemlayer\pgfsys-common-pdf.def"
File: pgfsys-common-pdf.def 2013/10/10  (rcs-revision 1.13)
)))
("C:\Program Files (x86)\MiKTeX 2.9\tex\generic\pgf\systemlayer\pgfsyssoftpath.code.tex"
File: pgfsyssoftpath.code.tex 2013/09/09  (rcs-revision 1.9)
\pgfsyssoftpath@smallbuffer@items=\count294
\pgfsyssoftpath@bigbuffer@items=\count295
)
("C:\Program Files (x86)\MiKTeX 2.9\tex\generic\pgf\systemlayer\pgfsysprotocol.code.tex"
File: pgfsysprotocol.code.tex 2006/10/16  (rcs-revision 1.4)
))
("C:\Program Files (x86)\MiKTeX 2.9\tex\generic\pgf\basiclayer\pgfcore.code.tex"
Package: pgfcore 2010/04/11 v3.0.0 (rcs-revision 1.7)

("C:\Program Files (x86)\MiKTeX 2.9\tex\generic\pgf\math\pgfmath.code.tex"
("C:\Program Files (x86)\MiKTeX 2.9\tex\generic\pgf\math\pgfmathcalc.code.tex"
("C:\Program Files (x86)\MiKTeX 2.9\tex\generic\pgf\math\pgfmathutil.code.tex")
("C:\Program Files (x86)\MiKTeX 2.9\tex\generic\pgf\math\pgfmathparser.code.tex"
\pgfmath@dimen=\dimen296
\pgfmath@count=\count296
\pgfmath@box=\box95
\pgfmath@toks=\toks45
\pgfmath@stack@operand=\toks46
\pgfmath@stack@operation=\toks47
)
("C:\Program Files (x86)\MiKTeX 2.9\tex\generic\pgf\math\pgfmathfunctions.code.tex"
("C:\Program Files (x86)\MiKTeX 2.9\tex\generic\pgf\math\pgfmathfunctions.basic.code.tex")
("C:\Program Files (x86)\MiKTeX 2.9\tex\generic\pgf\math\pgfmathfunctions.trigonometric.code.tex")
("C:\Program Files (x86)\MiKTeX 2.9\tex\generic\pgf\math\pgfmathfunctions.random.code.tex")
("C:\Program Files (x86)\MiKTeX 2.9\tex\generic\pgf\math\pgfmathfunctions.comparison.code.tex")
("C:\Program Files (x86)\MiKTeX 2.9\tex\generic\pgf\math\pgfmathfunctions.base.code.tex")
("C:\Program Files (x86)\MiKTeX 2.9\tex\generic\pgf\math\pgfmathfunctions.round.code.tex")
("C:\Program Files (x86)\MiKTeX 2.9\tex\generic\pgf\math\pgfmathfunctions.misc.code.tex")
("C:\Program Files (x86)\MiKTeX 2.9\tex\generic\pgf\math\pgfmathfunctions.integerarithmetics.code.tex")))
("C:\Program Files (x86)\MiKTeX 2.9\tex\generic\pgf\math\pgfmathfloat.code.tex"
\c@pgfmathroundto@lastzeros=\count297
))
("C:\Program Files (x86)\MiKTeX 2.9\tex\generic\pgf\basiclayer\pgfcorepoints.code.tex"
File: pgfcorepoints.code.tex 2013/10/07  (rcs-revision 1.27)
\pgf@picminx=\dimen297
\pgf@picmaxx=\dimen298
\pgf@picminy=\dimen299
\pgf@picmaxy=\dimen300
\pgf@pathminx=\dimen301
\pgf@pathmaxx=\dimen302
\pgf@pathminy=\dimen303
\pgf@pathmaxy=\dimen304
\pgf@xx=\dimen305
\pgf@xy=\dimen306
\pgf@yx=\dimen307
\pgf@yy=\dimen308
\pgf@zx=\dimen309
\pgf@zy=\dimen310
)
("C:\Program Files (x86)\MiKTeX 2.9\tex\generic\pgf\basiclayer\pgfcorepathconstruct.code.tex"
File: pgfcorepathconstruct.code.tex 2013/10/07  (rcs-revision 1.29)
\pgf@path@lastx=\dimen311
\pgf@path@lasty=\dimen312
)
("C:\Program Files (x86)\MiKTeX 2.9\tex\generic\pgf\basiclayer\pgfcorepathusage.code.tex"
File: pgfcorepathusage.code.tex 2013/12/13  (rcs-revision 1.23)
\pgf@shorten@end@additional=\dimen313
\pgf@shorten@start@additional=\dimen314
)
("C:\Program Files (x86)\MiKTeX 2.9\tex\generic\pgf\basiclayer\pgfcorescopes.code.tex"
File: pgfcorescopes.code.tex 2013/10/09  (rcs-revision 1.44)
\pgfpic=\box96
\pgf@hbox=\box97
\pgf@layerbox@main=\box98
\pgf@picture@serial@count=\count298
)
("C:\Program Files (x86)\MiKTeX 2.9\tex\generic\pgf\basiclayer\pgfcoregraphicstate.code.tex"
File: pgfcoregraphicstate.code.tex 2013/09/19  (rcs-revision 1.11)
\pgflinewidth=\dimen315
)
("C:\Program Files (x86)\MiKTeX 2.9\tex\generic\pgf\basiclayer\pgfcoretransformations.code.tex"
File: pgfcoretransformations.code.tex 2013/10/10  (rcs-revision 1.17)
\pgf@pt@x=\dimen316
\pgf@pt@y=\dimen317
\pgf@pt@temp=\dimen318
)
("C:\Program Files (x86)\MiKTeX 2.9\tex\generic\pgf\basiclayer\pgfcorequick.code.tex"
File: pgfcorequick.code.tex 2008/10/09  (rcs-revision 1.3)
)
("C:\Program Files (x86)\MiKTeX 2.9\tex\generic\pgf\basiclayer\pgfcoreobjects.code.tex"
File: pgfcoreobjects.code.tex 2006/10/11  (rcs-revision 1.2)
)
("C:\Program Files (x86)\MiKTeX 2.9\tex\generic\pgf\basiclayer\pgfcorepathprocessing.code.tex"
File: pgfcorepathprocessing.code.tex 2013/09/09  (rcs-revision 1.9)
)
("C:\Program Files (x86)\MiKTeX 2.9\tex\generic\pgf\basiclayer\pgfcorearrows.code.tex"
File: pgfcorearrows.code.tex 2013/11/07  (rcs-revision 1.40)
\pgfarrowsep=\dimen319
)
("C:\Program Files (x86)\MiKTeX 2.9\tex\generic\pgf\basiclayer\pgfcoreshade.code.tex"
File: pgfcoreshade.code.tex 2013/07/15  (rcs-revision 1.15)
\pgf@max=\dimen320
\pgf@sys@shading@range@num=\count299
)
("C:\Program Files (x86)\MiKTeX 2.9\tex\generic\pgf\basiclayer\pgfcoreimage.code.tex"
File: pgfcoreimage.code.tex 2013/07/15  (rcs-revision 1.18)

("C:\Program Files (x86)\MiKTeX 2.9\tex\generic\pgf\basiclayer\pgfcoreexternal.code.tex"
File: pgfcoreexternal.code.tex 2013/07/15  (rcs-revision 1.20)
\pgfexternal@startupbox=\box99
))
("C:\Program Files (x86)\MiKTeX 2.9\tex\generic\pgf\basiclayer\pgfcorelayers.code.tex"
File: pgfcorelayers.code.tex 2013/07/18  (rcs-revision 1.7)
)
("C:\Program Files (x86)\MiKTeX 2.9\tex\generic\pgf\basiclayer\pgfcoretransparency.code.tex"
File: pgfcoretransparency.code.tex 2013/09/30  (rcs-revision 1.5)
)
("C:\Program Files (x86)\MiKTeX 2.9\tex\generic\pgf\basiclayer\pgfcorepatterns.code.tex"
File: pgfcorepatterns.code.tex 2013/11/07  (rcs-revision 1.5)
)))
("C:\Program Files (x86)\MiKTeX 2.9\tex\generic\pgf\modules\pgfmoduleshapes.code.tex"
File: pgfmoduleshapes.code.tex 2013/10/31  (rcs-revision 1.34)
\pgfnodeparttextbox=\box100
)
("C:\Program Files (x86)\MiKTeX 2.9\tex\generic\pgf\modules\pgfmoduleplot.code.tex"
File: pgfmoduleplot.code.tex 2013/07/31  (rcs-revision 1.12)
)
("C:\Program Files (x86)\MiKTeX 2.9\tex\latex\pgf\compatibility\pgfcomp-version-0-65.sty"
Package: pgfcomp-version-0-65 2007/07/03 v3.0.0 (rcs-revision 1.7)
\pgf@nodesepstart=\dimen321
\pgf@nodesepend=\dimen322
)
("C:\Program Files (x86)\MiKTeX 2.9\tex\latex\pgf\compatibility\pgfcomp-version-1-18.sty"
Package: pgfcomp-version-1-18 2007/07/23 v3.0.0 (rcs-revision 1.1)
))
("C:\Program Files (x86)\MiKTeX 2.9\tex\latex\pgf\utilities\pgffor.sty"
("C:\Program Files (x86)\MiKTeX 2.9\tex\latex\pgf\utilities\pgfkeys.sty"
("C:\Program Files (x86)\MiKTeX 2.9\tex\generic\pgf\utilities\pgfkeys.code.tex"))
("C:\Program Files (x86)\MiKTeX 2.9\tex\latex\pgf\math\pgfmath.sty"
("C:\Program Files (x86)\MiKTeX 2.9\tex\generic\pgf\math\pgfmath.code.tex"))
("C:\Program Files (x86)\MiKTeX 2.9\tex\generic\pgf\utilities\pgffor.code.tex"
Package: pgffor 2013/12/13 v3.0.0 (rcs-revision 1.25)

("C:\Program Files (x86)\MiKTeX 2.9\tex\generic\pgf\math\pgfmath.code.tex")
\pgffor@iter=\dimen323
\pgffor@skip=\dimen324
\pgffor@stack=\toks48
\pgffor@toks=\toks49
))
("C:\Program Files (x86)\MiKTeX 2.9\tex\generic\pgf\frontendlayer\tikz\tikz.code.tex"
Package: tikz 2013/12/13 v3.0.0 (rcs-revision 1.142)

("C:\Program Files (x86)\MiKTeX 2.9\tex\generic\pgf\libraries\pgflibraryplothandlers.code.tex"
File: pgflibraryplothandlers.code.tex 2013/08/31 v3.0.0 (rcs-revision 1.20)
\pgf@plot@mark@count=\count300
\pgfplotmarksize=\dimen325
)
\tikz@lastx=\dimen326
\tikz@lasty=\dimen327
\tikz@lastxsaved=\dimen328
\tikz@lastysaved=\dimen329
\tikzleveldistance=\dimen330
\tikzsiblingdistance=\dimen331
\tikz@figbox=\box101
\tikz@figbox@bg=\box102
\tikz@tempbox=\box103
\tikz@tempbox@bg=\box104
\tikztreelevel=\count301
\tikznumberofchildren=\count302
\tikznumberofcurrentchild=\count303
\tikz@fig@count=\count304

("C:\Program Files (x86)\MiKTeX 2.9\tex\generic\pgf\modules\pgfmodulematrix.code.tex"
File: pgfmodulematrix.code.tex 2013/09/17  (rcs-revision 1.8)
\pgfmatrixcurrentrow=\count305
\pgfmatrixcurrentcolumn=\count306
\pgf@matrix@numberofcolumns=\count307
)
\tikz@expandcount=\count308

("C:\Program Files (x86)\MiKTeX 2.9\tex\generic\pgf\frontendlayer\tikz\libraries\tikzlibrarytopaths.code.tex"
File: tikzlibrarytopaths.code.tex 2008/06/17 v3.0.0 (rcs-revision 1.2)
)))
("C:\Program Files (x86)\MiKTeX 2.9\tex\latex\tikz-timing\tikz-timing.sty"
("C:\Program Files (x86)\MiKTeX 2.9\tex\latex\svn-prov\svn-prov.sty"
Package: svn-prov 2010/04/24 v3.1862 Package Date/Version from SVN Keywords
)
Package: tikz-timing 2011/01/09 v0.7d Digital Timing Diagrams using TikZ

("C:\Program Files (x86)\MiKTeX 2.9\tex\generic\pgf\frontendlayer\tikz\libraries\tikzlibrarycalc.code.tex"
File: tikzlibrarycalc.code.tex 2013/07/15 v3.0.0 (rcs-revision 1.9)
)
("C:\Program Files (x86)\MiKTeX 2.9\tex\generic\pgf\frontendlayer\tikz\libraries\tikzlibrarybackgrounds.code.tex"
File: tikzlibrarybackgrounds.code.tex 2013/07/18 v3.0.0 (rcs-revision 1.3)
\pgf@layerbox@background=\box105
\pgf@layerboxsaved@background=\box106
)
("C:\Program Files (x86)\MiKTeX 2.9\tex\generic\pgf\frontendlayer\tikz\libraries\tikzlibrarydecorations.pathmorphing.cod
e.tex" ("C:\Program Files (x86)\MiKTeX 2.9\tex\generic\pgf\frontendlayer\tikz\libraries\tikzlibrarydecorations.code.tex"
("C:\Program Files (x86)\MiKTeX 2.9\tex\generic\pgf\modules\pgfmoduledecorations.code.tex"
\pgfdecoratedcompleteddistance=\dimen332
\pgfdecoratedremainingdistance=\dimen333
\pgfdecoratedinputsegmentcompleteddistance=\dimen334
\pgfdecoratedinputsegmentremainingdistance=\dimen335
\pgf@decorate@distancetomove=\dimen336
\pgf@decorate@repeatstate=\count309
\pgfdecorationsegmentamplitude=\dimen337
\pgfdecorationsegmentlength=\dimen338
)
\tikz@lib@dec@box=\box107
)
("C:\Program Files (x86)\MiKTeX 2.9\tex\generic\pgf\libraries\decorations\pgflibrarydecorations.pathmorphing.code.tex"))
\tikztiming@numint=\count310
\tikztiming@numfrac=\count311
\tikztiming@xunit=\skip90
\tikztiming@yunit=\skip91
\tikztiming@debug=\count312
\c@tikztiming@nrows=\count313
\c@tikztimingrows=\count314
\c@tikztimingtrans=\count315
\c@tikztimingtranspos=\count316
) ("C:\Program Files (x86)\MiKTeX 2.9\tex\latex\vhistory\vhistory.sty"
Package: vhistory 

("C:\Program Files (x86)\MiKTeX 2.9\tex\latex\carlisle\ltxtable.sty"
Package: ltxtable 1995/12/11 v0.2 longtable/tabularx merge (DPC)
)
("C:\Program Files (x86)\MiKTeX 2.9\tex\latex\vhistory\sets.sty"
Package: sets 
\c@s@tlength=\count317
)
Reading file ProjectDocu.hst...
(C:\Users\Agrawal\work\workspace\_done\at91_bdi2000\ProjectDocumentation\Documentation\ProjectDocu.hst)
\vh@verfile=\write5
)
("C:\Program Files (x86)\MiKTeX 2.9\tex\latex\tikz-timing\tikz-timing-counters.sty"
Package: tikz-timing-counters 2011/01/09 v0.7d TikZ-Timing Library for counter values

("C:\Program Files (x86)\MiKTeX 2.9\tex\latex\pgfopts\pgfopts.sty"
Package: pgfopts 2014/07/10 v2.1a LaTeX package options with pgfkeys
\pgfopts@list@add@a@toks=\toks50
\pgfopts@list@add@b@toks=\toks51
))
("C:\Program Files (x86)\MiKTeX 2.9\tex\latex\tikz-timing\tikz-timing-arrows.sty"
Package: tikz-timing-arrows 2011/01/09 v0.7d TikZ-Timing Library for timing arrows
)
("C:\Program Files (x86)\MiKTeX 2.9\tex\generic\pgf\frontendlayer\tikz\libraries\tikzlibraryshapes.code.tex"
File: tikzlibraryshapes.code.tex 2008/01/09 v3.0.0 (rcs-revision 1.1)

("C:\Program Files (x86)\MiKTeX 2.9\tex\generic\pgf\frontendlayer\tikz\libraries\tikzlibraryshapes.geometric.code.tex"
File: tikzlibraryshapes.geometric.code.tex 2008/01/09 v3.0.0 (rcs-revision 1.1)

("C:\Program Files (x86)\MiKTeX 2.9\tex\generic\pgf\libraries\shapes\pgflibraryshapes.geometric.code.tex"
File: pgflibraryshapes.geometric.code.tex 2008/06/26 v3.0.0 (rcs-revision 1.1)
))
("C:\Program Files (x86)\MiKTeX 2.9\tex\generic\pgf\frontendlayer\tikz\libraries\tikzlibraryshapes.misc.code.tex"
File: tikzlibraryshapes.misc.code.tex 2008/01/09 v3.0.0 (rcs-revision 1.1)

("C:\Program Files (x86)\MiKTeX 2.9\tex\generic\pgf\libraries\shapes\pgflibraryshapes.misc.code.tex"
File: pgflibraryshapes.misc.code.tex 2013/07/18 v3.0.0 (rcs-revision 1.5)
))
("C:\Program Files (x86)\MiKTeX 2.9\tex\generic\pgf\frontendlayer\tikz\libraries\tikzlibraryshapes.symbols.code.tex"
File: tikzlibraryshapes.symbols.code.tex 2008/01/09 v3.0.0 (rcs-revision 1.1)

("C:\Program Files (x86)\MiKTeX 2.9\tex\generic\pgf\libraries\shapes\pgflibraryshapes.symbols.code.tex"
File: pgflibraryshapes.symbols.code.tex 2013/09/11 v3.0.0 (rcs-revision 1.6)
))
("C:\Program Files (x86)\MiKTeX 2.9\tex\generic\pgf\frontendlayer\tikz\libraries\tikzlibraryshapes.arrows.code.tex"
File: tikzlibraryshapes.arrows.code.tex 2008/01/09 v3.0.0 (rcs-revision 1.1)

("C:\Program Files (x86)\MiKTeX 2.9\tex\generic\pgf\libraries\shapes\pgflibraryshapes.arrows.code.tex"
File: pgflibraryshapes.arrows.code.tex 2008/06/26 v3.0.0 (rcs-revision 1.1)
))
("C:\Program Files (x86)\MiKTeX 2.9\tex\generic\pgf\frontendlayer\tikz\libraries\tikzlibraryshapes.callouts.code.tex"
("C:\Program Files (x86)\MiKTeX 2.9\tex\generic\pgf\libraries\shapes\pgflibraryshapes.callouts.code.tex"))
("C:\Program Files (x86)\MiKTeX 2.9\tex\generic\pgf\frontendlayer\tikz\libraries\tikzlibraryshapes.multipart.code.tex"
File: tikzlibraryshapes.multipart.code.tex 2008/01/09 v3.0.0 (rcs-revision 1.1)

("C:\Program Files (x86)\MiKTeX 2.9\tex\generic\pgf\libraries\shapes\pgflibraryshapes.multipart.code.tex"
File: pgflibraryshapes.multipart.code.tex 2010/01/07 v3.0.0 (rcs-revision 1.2)
\pgfnodepartlowerbox=\box108
\pgfnodeparttwobox=\box109
\pgfnodepartthreebox=\box110
\pgfnodepartfourbox=\box111
\pgfnodeparttwentybox=\box112
\pgfnodepartnineteenbox=\box113
\pgfnodeparteighteenbox=\box114
\pgfnodepartseventeenbox=\box115
\pgfnodepartsixteenbox=\box116
\pgfnodepartfifteenbox=\box117
\pgfnodepartfourteenbox=\box118
\pgfnodepartthirteenbox=\box119
\pgfnodeparttwelvebox=\box120
\pgfnodepartelevenbox=\box121
\pgfnodeparttenbox=\box122
\pgfnodepartninebox=\box123
\pgfnodeparteightbox=\box124
\pgfnodepartsevenbox=\box125
\pgfnodepartsixbox=\box126
\pgfnodepartfivebox=\box127
)))
("C:\Program Files (x86)\MiKTeX 2.9\tex\generic\pgf\frontendlayer\tikz\libraries\tikzlibraryarrows.code.tex"
File: tikzlibraryarrows.code.tex 2008/01/09 v3.0.0 (rcs-revision 1.1)

("C:\Program Files (x86)\MiKTeX 2.9\tex\generic\pgf\libraries\pgflibraryarrows.code.tex"
File: pgflibraryarrows.code.tex 2013/09/23 v3.0.0 (rcs-revision 1.16)
\arrowsize=\dimen339
))
("C:\Program Files (x86)\MiKTeX 2.9\tex\generic\pgf\frontendlayer\tikz\libraries\tikzlibraryautomata.code.tex"
File: tikzlibraryautomata.code.tex 2008/07/14 v3.0.0 (rcs-revision 1.3)
)
("C:\Program Files (x86)\MiKTeX 2.9\tex\generic\pgf\frontendlayer\tikz\libraries\tikzlibrarypositioning.code.tex"
File: tikzlibrarypositioning.code.tex 2008/10/06 v3.0.0 (rcs-revision 1.7)
)
("C:\Program Files (x86)\MiKTeX 2.9\tex\generic\pgf\frontendlayer\tikz\libraries\tikzlibrarymindmap.code.tex"
File: tikzlibrarymindmap.code.tex 2013/07/16 v3.0.0 (rcs-revision 1.10)

("C:\Program Files (x86)\MiKTeX 2.9\tex\generic\pgf\frontendlayer\tikz\libraries\tikzlibrarytrees.code.tex"
File: tikzlibrarytrees.code.tex 2008/02/24 v3.0.0 (rcs-revision 1.2)
))
("C:\Program Files (x86)\MiKTeX 2.9\tex\generic\pgf\frontendlayer\tikz\libraries\tikzlibraryfit.code.tex"
File: tikzlibraryfit.code.tex 2013/07/12 v3.0.0 (rcs-revision 1.5)
)
("C:\Program Files (x86)\MiKTeX 2.9\tex\generic\pgf\frontendlayer\tikz\libraries\tikzlibraryshadows.code.tex"
File: tikzlibraryshadows.code.tex 2008/01/13 v3.0.0 (rcs-revision 1.3)

("C:\Program Files (x86)\MiKTeX 2.9\tex\generic\pgf\frontendlayer\tikz\libraries\tikzlibraryfadings.code.tex"
File: tikzlibraryfadings.code.tex 2009/11/15 v3.0.0 (rcs-revision 1.2)

("C:\Program Files (x86)\MiKTeX 2.9\tex\generic\pgf\libraries\pgflibraryfadings.code.tex"
File: pgflibraryfadings.code.tex 2008/02/07 v3.0.0 (rcs-revision 1.3)
)))
("C:\Program Files (x86)\MiKTeX 2.9\tex\generic\pgf\frontendlayer\tikz\libraries\tikzlibraryscopes.code.tex"
File: tikzlibraryscopes.code.tex 2008/06/27 v3.0.0 (rcs-revision 1.2)
)
("C:\Program Files (x86)\MiKTeX 2.9\tex\generic\pgf\frontendlayer\tikz\libraries\tikzlibrarymatrix.code.tex"
File: tikzlibrarymatrix.code.tex 2013/07/12 v3.0.0 (rcs-revision 1.4)
)
("C:\Program Files (x86)\MiKTeX 2.9\tex\generic\pgf\frontendlayer\tikz\libraries\tikzlibrarychains.code.tex"
File: tikzlibrarychains.code.tex 2013/07/15 v3.0.0 (rcs-revision 1.6)
)
("C:\Program Files (x86)\MiKTeX 2.9\tex\latex\hyperref\hyperref.sty"
Package: hyperref 2012/11/06 v6.83m Hypertext links for LaTeX

("C:\Program Files (x86)\MiKTeX 2.9\tex\generic\oberdiek\hobsub-hyperref.sty"
Package: hobsub-hyperref 2012/04/25 v1.12 Bundle oberdiek, subset hyperref (HO)

("C:\Program Files (x86)\MiKTeX 2.9\tex\generic\oberdiek\hobsub-generic.sty"
Package: hobsub-generic 2012/04/25 v1.12 Bundle oberdiek, subset generic (HO)
Package: hobsub 2012/04/25 v1.12 Construct package bundles (HO)
Package hobsub Info: Skipping package `infwarerr' (already loaded).
Package hobsub Info: Skipping package `ltxcmds' (already loaded).
Package: ifluatex 2010/03/01 v1.3 Provides the ifluatex switch (HO)
Package ifluatex Info: LuaTeX not detected.
Package hobsub Info: Skipping package `ifvtex' (already loaded).
Package: intcalc 2007/09/27 v1.1 Expandable calculations with integers (HO)
Package hobsub Info: Skipping package `ifpdf' (already loaded).
Package: etexcmds 2011/02/16 v1.5 Avoid name clashes with e-TeX commands (HO)
Package etexcmds Info: Could not find \expanded.
(etexcmds)             That can mean that you are not using pdfTeX 1.50 or
(etexcmds)             that some package has redefined \expanded.
(etexcmds)             In the latter case, load this package earlier.
Package: kvsetkeys 2012/04/25 v1.16 Key value parser (HO)
Package: kvdefinekeys 2011/04/07 v1.3 Define keys (HO)
Package: pdftexcmds 2011/11/29 v0.20 Utility functions of pdfTeX for LuaTeX (HO)
Package pdftexcmds Info: LuaTeX not detected.
Package pdftexcmds Info: \pdf@primitive is available.
Package pdftexcmds Info: \pdf@ifprimitive is available.
Package pdftexcmds Info: \pdfdraftmode found.
Package: pdfescape 2011/11/25 v1.13 Implements pdfTeX's escape features (HO)
Package: bigintcalc 2012/04/08 v1.3 Expandable calculations on big integers (HO)
Package: bitset 2011/01/30 v1.1 Handle bit-vector datatype (HO)
Package: uniquecounter 2011/01/30 v1.2 Provide unlimited unique counter (HO)
)
Package hobsub Info: Skipping package `hobsub' (already loaded).
Package: letltxmacro 2010/09/02 v1.4 Let assignment for LaTeX macros (HO)
Package: hopatch 2011/06/24 v1.1 Wrapper for package hooks (HO)
Package: xcolor-patch 2011/01/30 xcolor patch
Package: atveryend 2011/06/30 v1.8 Hooks at the very end of document (HO)
Package atveryend Info: \enddocument detected (standard20110627).
Package: atbegshi 2011/10/05 v1.16 At begin shipout hook (HO)
Package: refcount 2011/10/16 v3.4 Data extraction from label references (HO)
Package: hycolor 2011/01/30 v1.7 Color options for hyperref/bookmark (HO)
)
("C:\Program Files (x86)\MiKTeX 2.9\tex\latex\oberdiek\auxhook.sty"
Package: auxhook 2011/03/04 v1.3 Hooks for auxiliary files (HO)
)
("C:\Program Files (x86)\MiKTeX 2.9\tex\latex\oberdiek\kvoptions.sty"
Package: kvoptions 2011/06/30 v3.11 Key value format for package options (HO)
)
\@linkdim=\dimen340
\Hy@linkcounter=\count318
\Hy@pagecounter=\count319

("C:\Program Files (x86)\MiKTeX 2.9\tex\latex\hyperref\pd1enc.def"
File: pd1enc.def 2012/11/06 v6.83m Hyperref: PDFDocEncoding definition (HO)
)
\Hy@SavedSpaceFactor=\count320

("C:\Program Files (x86)\MiKTeX 2.9\tex\latex\00miktex\hyperref.cfg"
File: hyperref.cfg 2002/06/06 v1.2 hyperref configuration of TeXLive
)
Package hyperref Info: Option `plainpages' set `false' on input line 4319.
Package hyperref Info: Hyper figures OFF on input line 4443.
Package hyperref Info: Link nesting OFF on input line 4448.
Package hyperref Info: Hyper index ON on input line 4451.
Package hyperref Info: Plain pages OFF on input line 4458.
Package hyperref Info: Backreferencing OFF on input line 4463.
Package hyperref Info: Implicit mode ON; LaTeX internals redefined.
Package hyperref Info: Bookmarks ON on input line 4688.
\c@Hy@tempcnt=\count321
LaTeX Info: Redefining \url on input line 5041.
\XeTeXLinkMargin=\dimen341
\Fld@menulength=\count322
\Field@Width=\dimen342
\Fld@charsize=\dimen343
Package hyperref Info: Hyper figures OFF on input line 6295.
Package hyperref Info: Link nesting OFF on input line 6300.
Package hyperref Info: Hyper index ON on input line 6303.
Package hyperref Info: backreferencing OFF on input line 6310.
Package hyperref Info: Link coloring OFF on input line 6315.
Package hyperref Info: Link coloring with OCG OFF on input line 6320.
Package hyperref Info: PDF/A mode OFF on input line 6325.
LaTeX Info: Redefining \ref on input line 6365.
LaTeX Info: Redefining \pageref on input line 6369.
\Hy@abspage=\count323
\c@Item=\count324
\c@Hfootnote=\count325
)

Package hyperref Message: Driver (autodetected): hpdftex.

("C:\Program Files (x86)\MiKTeX 2.9\tex\latex\hyperref\hpdftex.def"
File: hpdftex.def 2012/11/06 v6.83m Hyperref driver for pdfTeX
\Fld@listcount=\count326
\c@bookmark@seq@number=\count327

("C:\Program Files (x86)\MiKTeX 2.9\tex\latex\oberdiek\rerunfilecheck.sty"
Package: rerunfilecheck 2011/04/15 v1.7 Rerun checks for auxiliary files (HO)
Package uniquecounter Info: New unique counter `rerunfilecheck' on input line 282.
)
\Hy@SectionHShift=\skip92
)
Package hyperref Info: Option `colorlinks' set `true' on input line 97.

("C:\Program Files (x86)\MiKTeX 2.9\tex\latex\listings\lstlang1.sty"
File: lstlang1.sty 2015/06/04 1.6 listings language file
)
("C:\Program Files (x86)\MiKTeX 2.9\tex\latex\listings\lstmisc.sty"
File: lstmisc.sty 2015/06/04 1.6 (Carsten Heinz)
)
\@nomenclaturefile=\write6

Writing nomenclature file ProjectDocu.nlo
) (C:\Users\Agrawal\work\workspace\_done\at91_bdi2000\ProjectDocumentation\Documentation\ProjectDocu.aux
(C:\Users\Agrawal\work\workspace\_done\at91_bdi2000\ProjectDocumentation\Documentation\parts/Titleseite.aux)
(C:\Users\Agrawal\work\workspace\_done\at91_bdi2000\ProjectDocumentation\Documentation\parts/Blankpage.aux)
(C:\Users\Agrawal\work\workspace\_done\at91_bdi2000\ProjectDocumentation\Documentation\parts/Versioning.aux)
(C:\Users\Agrawal\work\workspace\_done\at91_bdi2000\ProjectDocumentation\Documentation\parts/Abkuerzungsverzeichnis.aux)
(C:\Users\Agrawal\work\workspace\_done\at91_bdi2000\ProjectDocumentation\Documentation\parts/Projectdescription.aux))
LaTeX Font Info:    Checking defaults for OML/cmm/m/it on input line 13.
LaTeX Font Info:    ... okay on input line 13.
LaTeX Font Info:    Checking defaults for T1/cmr/m/n on input line 13.
LaTeX Font Info:    ... okay on input line 13.
LaTeX Font Info:    Checking defaults for OT1/cmr/m/n on input line 13.
LaTeX Font Info:    ... okay on input line 13.
LaTeX Font Info:    Checking defaults for OMS/cmsy/m/n on input line 13.
LaTeX Font Info:    ... okay on input line 13.
LaTeX Font Info:    Checking defaults for OMX/cmex/m/n on input line 13.
LaTeX Font Info:    ... okay on input line 13.
LaTeX Font Info:    Checking defaults for U/cmr/m/n on input line 13.
LaTeX Font Info:    ... okay on input line 13.
LaTeX Font Info:    Checking defaults for TS1/cmr/m/n on input line 13.
LaTeX Font Info:    Try loading font information for TS1+cmr on input line 13.

("C:\Program Files (x86)\MiKTeX 2.9\tex\latex\base\ts1cmr.fd"
File: ts1cmr.fd 1999/05/25 v2.5h Standard LaTeX font definitions
)
LaTeX Font Info:    ... okay on input line 13.
LaTeX Font Info:    Checking defaults for PD1/pdf/m/n on input line 13.
LaTeX Font Info:    ... okay on input line 13.

*geometry* driver: auto-detecting
*geometry* detected driver: pdftex
*geometry* verbose mode - [ preamble ] result:
* driver: pdftex
* paper: a4paper
* layout: <same size as paper>
* layoutoffset:(h,v)=(0.0pt,0.0pt)
* modes: 
* h-part:(L,W,R)=(85.35826pt, 426.79135pt, 85.35826pt)
* v-part:(T,H,B)=(113.81102pt, 617.4248pt, 113.81102pt)
* \paperwidth=597.50787pt
* \paperheight=845.04684pt
* \textwidth=426.79135pt
* \textheight=617.4248pt
* \oddsidemargin=13.08827pt
* \evensidemargin=13.08827pt
* \topmargin=1.08829pt
* \headheight=15.0pt
* \headsep=28.45274pt
* \topskip=11.0pt
* \footskip=28.45274pt
* \marginparwidth=50.0pt
* \marginparsep=10.0pt
* \columnsep=10.0pt
* \skip\footins=22.0pt
* \hoffset=0.0pt
* \voffset=0.0pt
* \mag=1000
* \@twocolumnfalse
* \@twosidefalse
* \@mparswitchfalse
* \@reversemarginfalse
* (1in=72.27pt=25.4mm, 1cm=28.453pt)

("C:\Program Files (x86)\MiKTeX 2.9\tex\context\base\supp-pdf.mkii"
[Loading MPS to PDF converter (version 2006.09.02).]
\scratchcounter=\count328
\scratchdimen=\dimen344
\scratchbox=\box128
\nofMPsegments=\count329
\nofMParguments=\count330
\everyMPshowfont=\toks52
\MPscratchCnt=\count331
\MPscratchDim=\dimen345
\MPnumerator=\count332
\makeMPintoPDFobject=\count333
\everyMPtoPDFconversion=\toks53
)
("C:\Program Files (x86)\MiKTeX 2.9\tex\latex\beamer\base\translator\dicts\translator-basic-dictionary\translator-basic-
dictionary-English.dict"
Dictionary: translator-basic-dictionary, Language: English 
) ("C:\Program Files (x86)\MiKTeX 2.9\tex\latex\siunitx\siunitx-abbreviations.cfg"
File: siunitx-abbreviations.cfg 2015/06/25 v2.6g siunitx: Abbreviated units
)
\c@lstlisting=\count334

ABD: EveryShipout initializing macros
\AtBeginShipoutBox=\box129
Package hyperref Info: Link coloring ON on input line 13.
 ("C:\Program Files (x86)\MiKTeX 2.9\tex\latex\hyperref\nameref.sty"
Package: nameref 2012/10/27 v2.43 Cross-referencing by name of section

("C:\Program Files (x86)\MiKTeX 2.9\tex\generic\oberdiek\gettitlestring.sty"
Package: gettitlestring 2010/12/03 v1.4 Cleanup title references (HO)
)
\c@section@level=\count335
)
LaTeX Info: Redefining \ref on input line 13.
LaTeX Info: Redefining \pageref on input line 13.
LaTeX Info: Redefining \nameref on input line 13.

(C:\Users\Agrawal\work\workspace\_done\at91_bdi2000\ProjectDocumentation\Documentation\ProjectDocu.out)
(C:\Users\Agrawal\work\workspace\_done\at91_bdi2000\ProjectDocumentation\Documentation\ProjectDocu.out)
\@outlinefile=\write7
\c__siunitx_mathsf_int=\count336
LaTeX Font Info:    Try loading font information for U+msa on input line 13.

("C:\Program Files (x86)\MiKTeX 2.9\tex\latex\amsfonts\umsa.fd"
File: umsa.fd 2013/01/14 v3.01 AMS symbols A
)
LaTeX Font Info:    Try loading font information for U+msb on input line 13.

("C:\Program Files (x86)\MiKTeX 2.9\tex\latex\amsfonts\umsb.fd"
File: umsb.fd 2013/01/14 v3.01 AMS symbols B
)
LaTeX Font Info:    Try loading font information for U+wasy on input line 13.

("C:\Program Files (x86)\MiKTeX 2.9\tex\latex\wasysym\uwasy.fd"
File: uwasy.fd 2003/10/30 v2.0 Wasy-2 symbol font definitions
)
\c__siunitx_mathtt_int=\count337

(C:\Users\Agrawal\work\workspace\_done\at91_bdi2000\ProjectDocumentation\Documentation\parts/Titleseite.tex
*geometry* verbose mode - [ newgeometry ] result:
* driver: pdftex
* paper: a4paper
* layout: <same size as paper>
* layoutoffset:(h,v)=(0.0pt,0.0pt)
* modes: 
* h-part:(L,W,R)=(93.89409pt, 438.17245pt, 65.44133pt)
* v-part:(T,H,B)=(113.81102pt, 617.4248pt, 113.81102pt)
* \paperwidth=597.50787pt
* \paperheight=845.04684pt
* \textwidth=438.17245pt
* \textheight=617.4248pt
* \oddsidemargin=21.6241pt
* \evensidemargin=21.6241pt
* \topmargin=-1.91171pt
* \headheight=15.0pt
* \headsep=28.45274pt
* \topskip=11.0pt
* \footskip=28.45274pt
* \marginparwidth=50.0pt
* \marginparsep=10.0pt
* \columnsep=10.0pt
* \skip\footins=22.0pt
* \hoffset=0.0pt
* \voffset=0.0pt
* \mag=1000
* \@twocolumnfalse
* \@twosidefalse
* \@mparswitchfalse
* \@reversemarginfalse
* (1in=72.27pt=25.4mm, 1cm=28.453pt)


<images/logo_hse.jpg, id=178, 134.30174pt x 34.08736pt>
File: images/logo_hse.jpg Graphic file (type jpg)
 <use images/logo_hse.jpg>
Package pdftex.def Info: images/logo_hse.jpg used on input line 9.
(pdftex.def)             Requested size: 170.71652pt x 43.331pt.
LaTeX Font Info:    Try loading font information for T1+cmss on input line 22.

("C:\Program Files (x86)\MiKTeX 2.9\tex\latex\base\t1cmss.fd"
File: t1cmss.fd 1999/05/25 v2.5h Standard LaTeX font definitions
)

LaTeX Font Warning: Font shape `T1/cmss/m/sc' in size <24.88> not available
(Font)              Font shape `T1/cmr/m/sc' tried instead on input line 22.

[1





{C:/ProgramData/MiKTeX/2.9/pdftex/config/pdftex.map} <C:/Users/Agrawal/work/workspace/_done/at91_bdi2000/ProjectDocument
ation/Documentation/images/logo_hse.jpg>])
(C:\Users\Agrawal\work\workspace\_done\at91_bdi2000\ProjectDocumentation\Documentation\parts/Blankpage.tex) [2




]
(C:\Users\Agrawal\work\workspace\_done\at91_bdi2000\ProjectDocumentation\Documentation\parts/Versioning.tex
\vh@hstfile=\write8

(C:\Users\Agrawal\work\workspace\_done\at91_bdi2000\ProjectDocumentation\Documentation\ProjectDocu.ver)
(C:\Users\Agrawal\work\workspace\_done\at91_bdi2000\ProjectDocumentation\Documentation\ProjectDocu.ver)
(C:\Users\Agrawal\work\workspace\_done\at91_bdi2000\ProjectDocumentation\Documentation\ProjectDocu.ver
Underfull \hbox (badness 10000) in paragraph at lines 8--9
[]|\T1/cmr/m/n/10.95 Christian
 []

)) [1



] (C:\Users\Agrawal\work\workspace\_done\at91_bdi2000\ProjectDocumentation\Documentation\ProjectDocu.toc
Package acronym Info: Label `acro:AIC' newly defined as it shall be overridden
although it is yet undefined on input line 22.
 [2


])
\tf@toc=\write9

[3]
(C:\Users\Agrawal\work\workspace\_done\at91_bdi2000\ProjectDocumentation\Documentation\parts/Abkuerzungsverzeichnis.tex)
[4



] (C:\Users\Agrawal\work\workspace\_done\at91_bdi2000\ProjectDocumentation\Documentation\parts/Projectdescription.tex
Chapter 1.

Underfull \hbox (badness 10000) in paragraph at lines 1--2

 []

[1



]
Chapter 2.

Underfull \hbox (badness 10000) in paragraph at lines 5--6

 []

Package acronym Info: Label `acro:RISC' newly defined as it shall be overridden
although it is yet undefined on input line 9.
Package acronym Info: Label `acro:MIPS' newly defined as it shall be overridden
although it is yet undefined on input line 9.
Package acronym Info: Label `acro:PC' newly defined as it shall be overridden
although it is yet undefined on input line 20.
Package acronym Info: Label `acro:CPSR' newly defined as it shall be overridden
although it is yet undefined on input line 23.

Overfull \hbox (13.7288pt too wide) in paragraph at lines 12--33
[][] 
 []

Package acronym Info: Label `acro:FIQ' newly defined as it shall be overridden
although it is yet undefined on input line 36.
Package acronym Info: Label `acro:ISR' newly defined as it shall be overridden
although it is yet undefined on input line 36.
Package acronym Info: Label `acro:UART' newly defined as it shall be overridden
although it is yet undefined on input line 37.
Package acronym Info: Label `acro:USB' newly defined as it shall be overridden
although it is yet undefined on input line 37.
Package acronym Info: Label `acro:IRQ' newly defined as it shall be overridden
although it is yet undefined on input line 38.
Package acronym Info: Label `acro:DMA' newly defined as it shall be overridden
although it is yet undefined on input line 38.
Package acronym Info: Label `acro:CPU' newly defined as it shall be overridden
although it is yet undefined on input line 38.

Underfull \hbox (badness 10000) in paragraph at lines 36--39

 []

[2

]
Overfull \hbox (17.38553pt too wide) in paragraph at lines 44--57
[][] 
 []


Overfull \hbox (0.13304pt too wide) in paragraph at lines 69--72
\T1/cmr/m/n/10.95 To get started with the Win-ARM pack-age down-load an ac-tual ver-sion (used one: [][]WinARM-
 []

[3]
Package acronym Info: Label `acro:PN2' newly defined as it shall be overridden
although it is yet undefined on input line 80.

Underfull \hbox (badness 10000) in paragraph at lines 79--81

 []


Underfull \hbox (badness 10000) in paragraph at lines 83--84

 []

Package acronym Info: Label `acro:TFTP' newly defined as it shall be overridden
although it is yet undefined on input line 86.
Package acronym Info: Label `acro:UDP' newly defined as it shall be overridden
although it is yet undefined on input line 86.

Underfull \hbox (badness 10000) in paragraph at lines 86--88

 []

[4]
Package acronym Info: Label `acro:RAM' newly defined as it shall be overridden
although it is yet undefined on input line 90.

Underfull \hbox (badness 10000) in paragraph at lines 90--92

 []

LaTeX Font Info:    Try loading font information for T1+pcr on input line 92.
("C:\Program Files (x86)\MiKTeX 2.9\tex\latex\psnfss\t1pcr.fd"
File: t1pcr.fd 2001/06/04 font definitions for T1/pcr.
)
Underfull \hbox (badness 10000) in paragraph at lines 105--106

 []

[5]
Underfull \hbox (badness 10000) in paragraph at lines 110--117

 []


Underfull \hbox (badness 10000) in paragraph at lines 122--125

 []

[6] [7]
Package acronym Info: Label `acro:JTAG' newly defined as it shall be overridden
although it is yet undefined on input line 212.
Package acronym Info: Label `acro:DIO' newly defined as it shall be overridden
although it is yet undefined on input line 212.
Package acronym Info: Label `acro:ILMS' newly defined as it shall be overridden
although it is yet undefined on input line 214.
 [8] (C:\Users\Agrawal\work\workspace\_done\at91_bdi2000\ProjectDocumentation\Documentation\parts/Sysoverview.tex <image
s/IDE.jpg, id=441, 963.6pt x 602.25pt>
File: images/IDE.jpg Graphic file (type jpg)
 <use images/IDE.jpg>
Package pdftex.def Info: images/IDE.jpg used on input line 25.
(pdftex.def)             Requested size: 69.6791pt x 43.55151pt.

<images/bdi2000.png, id=444, 501.875pt x 402.50375pt>
File: images/bdi2000.png Graphic file (type png)
 <use images/bdi2000.png>
Package pdftex.def Info: images/bdi2000.png used on input line 26.
(pdftex.def)             Requested size: 54.30276pt x 43.55151pt.

<images/GP2Y0D02YK0F.png, id=446, 301.125pt x 200.75pt>
File: images/GP2Y0D02YK0F.png Graphic file (type png)
 <use images/GP2Y0D02YK0F.png>
Package pdftex.def Info: images/GP2Y0D02YK0F.png used on input line 27.
(pdftex.def)             Requested size: 65.32414pt x 43.55151pt.

<images/AT91RM9200DB.png, id=447, 251.37392pt x 188.53044pt>
File: images/AT91RM9200DB.png Graphic file (type png)
 <use images/AT91RM9200DB.png>
Package pdftex.def Info: images/AT91RM9200DB.png used on input line 28.
(pdftex.def)             Requested size: 58.06793pt x 43.55151pt.
) [9 <C:/Users/Agrawal/work/workspace/_done/at91_bdi2000/ProjectDocumentation/Documentation/images/IDE.jpg> <C:/Users/Ag
rawal/work/workspace/_done/at91_bdi2000/ProjectDocumentation/Documentation/images/bdi2000.png> <C:/Users/Agrawal/work/wo
rkspace/_done/at91_bdi2000/ProjectDocumentation/Documentation/images/GP2Y0D02YK0F.png> <C:/Users/Agrawal/work/workspace/
_done/at91_bdi2000/ProjectDocumentation/Documentation/images/AT91RM9200DB.png>]
Chapter 3.
Package acronym Info: Label `acro:HAL' newly defined as it shall be overridden
although it is yet undefined on input line 228.
Package acronym Info: Label `acro:API' newly defined as it shall be overridden
although it is yet undefined on input line 228.
(C:\Users\Agrawal\work\workspace\_done\at91_bdi2000\ProjectDocumentation\Documentation\parts/HALOverview.tex)
Overfull \hbox (2.57187pt too wide) in paragraph at lines 62--232
 [] 
 []


Underfull \hbox (badness 10000) in paragraph at lines 228--235

 []


Underfull \hbox (badness 10000) in paragraph at lines 236--238

 []

[10

]
Underfull \hbox (badness 10000) in paragraph at lines 241--242

 []

LaTeX Font Info:    Font shape `T1/pcr/bx/n' in size <9> not available
(Font)              Font shape `T1/pcr/b/n' tried instead on input line 244.
[11]
Overfull \hbox (12.50296pt too wide) in paragraph at lines 266--276
[][] 
 []


Underfull \hbox (badness 10000) in paragraph at lines 280--281

 []

<images/LedScematic.pdf, id=511, 459.25327pt x 249.84642pt>
File: images/LedScematic.pdf Graphic file (type pdf)
 <use images/LedScematic.pdf>
Package pdftex.def Info: images/LedScematic.pdf used on input line 284.
(pdftex.def)             Requested size: 341.43437pt x 185.74884pt.

Underfull \hbox (badness 10000) in paragraph at lines 298--302

 []

[12 <C:/Users/Agrawal/work/workspace/_done/at91_bdi2000/ProjectDocumentation/Documentation/images/LedScematic.pdf, page 
is rotated 90 degrees>]
Underfull \hbox (badness 10000) in alignment at lines 309--309
[][][][][][] 
 []


Underfull \hbox (badness 10000) in paragraph at lines 317--320

 []


Underfull \hbox (badness 10000) in paragraph at lines 320--322

 []

[13]
Underfull \hbox (badness 10000) in paragraph at lines 322--325

 []


Underfull \hbox (badness 10000) in paragraph at lines 325--328

 []

[14]
Package acronym Info: Label `acro:PIO' newly defined as it shall be overridden
although it is yet undefined on input line 337.
Package acronym Info: Label `acro:PMC' newly defined as it shall be overridden
although it is yet undefined on input line 339.

Underfull \hbox (badness 10000) in paragraph at lines 336--343

 []

[15]
Underfull \hbox (badness 10000) in paragraph at lines 362--363

 []

File: images/GP2Y0D02YK0F.png Graphic file (type png)
<use images/GP2Y0D02YK0F.png>
Package pdftex.def Info: images/GP2Y0D02YK0F.png used on input line 368.
(pdftex.def)             Requested size: 179.25157pt x 119.5044pt.
 <images/SharpSchematics.pdf, id=590, 368.30328pt x 243.89719pt>
File: images/SharpSchematics.pdf Graphic file (type pdf)

<use images/SharpSchematics.pdf>
Package pdftex.def Info: images/SharpSchematics.pdf used on input line 372.
(pdftex.def)             Requested size: 179.25157pt x 118.70308pt.
 [16 <C:/Users/Agrawal/work/workspace/_done/at91_bdi2000/ProjectDocumentation/Documentation/images/SharpSchematics.pdf>]

Underfull \hbox (badness 10000) in paragraph at lines 379--380

 []

<images/SharpTiming.pdf, id=647, 587.61395pt x 195.70715pt>
File: images/SharpTiming.pdf Graphic file (type pdf)
 <use images/SharpTiming.pdf>
Package pdftex.def Info: images/SharpTiming.pdf used on input line 383.
(pdftex.def)             Requested size: 341.43437pt x 113.71925pt.
Package acronym Info: Label `acro:RTC' newly defined as it shall be overridden
although it is yet undefined on input line 393.
Package acronym Info: Label `acro:BCD' newly defined as it shall be overridden
although it is yet undefined on input line 393.

Underfull \hbox (badness 10000) in paragraph at lines 393--395

 []

[17 <C:/Users/Agrawal/work/workspace/_done/at91_bdi2000/ProjectDocumentation/Documentation/images/SharpTiming.pdf>]
[18]
Chapter 4.

Underfull \hbox (badness 10000) in paragraph at lines 430--432

 []


Underfull \hbox (badness 10000) in paragraph at lines 435--436

 []

[19

]
Underfull \hbox (badness 10000) in paragraph at lines 438--439

 []


Underfull \hbox (badness 10000) in paragraph at lines 445--446

 []


Overfull \hbox (14.77232pt too wide) detected at line 452
$ \OML/cmm/m/it/10.95 s$ 
 []


Overfull \hbox (14.77232pt too wide) detected at line 453
$ \OML/cmm/m/it/10.95 s$ 
 []


Overfull \hbox (17.78865pt too wide) detected at line 454
$ \OML/cmm/m/it/10.95 ms$ 
 []


Overfull \hbox (17.78865pt too wide) detected at line 455
$ \OML/cmm/m/it/10.95 ms$ 
 []


Overfull \hbox (11.21602pt too wide) detected at line 456
$ \OML/cmm/m/it/10.95 s $ 
 []

[20]
Underfull \hbox (badness 10000) in paragraph at lines 464--465

 []


Underfull \hbox (badness 10000) in paragraph at lines 466--468

 []


Underfull \hbox (badness 10000) in paragraph at lines 472--473

 []


Underfull \hbox (badness 10000) in paragraph at lines 476--479

 []

[21]
Underfull \hbox (badness 10000) in paragraph at lines 508--509

 []

[22]
Underfull \hbox (badness 10000) in paragraph at lines 526--527

 []


Underfull \hbox (badness 10000) in paragraph at lines 550--551

 []

[23]
Underfull \hbox (badness 10000) in paragraph at lines 586--587

 []


Underfull \hbox (badness 10000) in paragraph at lines 590--593

 []

[24] [25]
Underfull \hbox (badness 10000) in paragraph at lines 639--640

 []

[26] (C:\Users\Agrawal\work\workspace\_done\at91_bdi2000\ProjectDocumentation\Documentation\parts/TIKZInt.tex)
Underfull \hbox (badness 10000) in paragraph at lines 667--681

 []

[27] [28] [29] [30]
Chapter 5.

Underfull \hbox (badness 10000) in paragraph at lines 731--732

 []

[31

]) [32] (C:\Users\Agrawal\work\workspace\_done\at91_bdi2000\ProjectDocumentation\Documentation\ProjectDocu.lof)
\tf@lof=\write10

[33


] (C:\Users\Agrawal\work\workspace\_done\at91_bdi2000\ProjectDocumentation\Documentation\ProjectDocu.lot)
\tf@lot=\write11
 [34


]
(C:\Users\Agrawal\work\workspace\_done\at91_bdi2000\ProjectDocumentation\Documentation\ProjectDocu.lol)
\tf@lol=\write12
 [35


]
(C:\Users\Agrawal\work\workspace\_done\at91_bdi2000\ProjectDocumentation\Documentation\ProjectDocu.bbl) [36


]
Package atveryend Info: Empty hook `BeforeClearDocument' on input line 140.
Package atveryend Info: Empty hook `AfterLastShipout' on input line 140.

(C:\Users\Agrawal\work\workspace\_done\at91_bdi2000\ProjectDocumentation\Documentation\ProjectDocu.aux
(C:\Users\Agrawal\work\workspace\_done\at91_bdi2000\ProjectDocumentation\Documentation\parts/Titleseite.aux)
(C:\Users\Agrawal\work\workspace\_done\at91_bdi2000\ProjectDocumentation\Documentation\parts/Blankpage.aux)
(C:\Users\Agrawal\work\workspace\_done\at91_bdi2000\ProjectDocumentation\Documentation\parts/Versioning.aux)
(C:\Users\Agrawal\work\workspace\_done\at91_bdi2000\ProjectDocumentation\Documentation\parts/Abkuerzungsverzeichnis.aux)
(C:\Users\Agrawal\work\workspace\_done\at91_bdi2000\ProjectDocumentation\Documentation\parts/Projectdescription.aux))
Package atveryend Info: Executing hook `AtVeryEndDocument' on input line 140.
Package atveryend Info: Executing hook `AtEndAfterFileList' on input line 140.
Package rerunfilecheck Info: File `ProjectDocu.out' has not changed.
(rerunfilecheck)             Checksum: 2B0CA8A394156E8CD026F1316F7FDBC1;2302.


LaTeX Warning: Label(s) may have changed. Rerun to get cross-references right.

Package atveryend Info: Empty hook `AtVeryVeryEnd' on input line 140.
 ) 
Here is how much of TeX's memory you used:
 35360 strings out of 493921
 729214 string characters out of 3147283
 1013698 words of memory out of 3000000
 37601 multiletter control sequences out of 15000+200000
 31185 words of font info for 83 fonts, out of 3000000 for 9000
 841 hyphenation exceptions out of 8191
 59i,14n,84p,10446b,2199s stack positions out of 5000i,500n,10000p,200000b,50000s
 <C:\Users\Agrawal\AppData\Local\MiKTeX\2.9\fonts\pk\ljfour\jknappen\ec\dpi600\ecss1095.pk> <C:\Users\Agrawal\AppData\
Local\MiKTeX\2.9\fonts\pk\ljfour\jknappen\ec\dpi600\ecss0600.pk>{C:/Program Files (x86)/MiKTeX 2.9/fonts/enc/dvips/fontn
ame/8r.enc} <C:\Users\Agrawal\AppData\Local\MiKTeX\2.9\fonts\pk\ljfour\jknappen\ec\dpi600\ecrm0900.pk> <C:\Users\Agrawal
\AppData\Local\MiKTeX\2.9\fonts\pk\ljfour\jknappen\ec\dpi600\ecrm0800.pk> <C:\Users\Agrawal\AppData\Local\MiKTeX\2.9\fon
ts\pk\ljfour\jknappen\ec\dpi600\ecbi1095.pk> <C:\Users\Agrawal\AppData\Local\MiKTeX\2.9\fonts\pk\ljfour\jknappen\ec\dpi6
00\ecrm0600.pk> <C:\Users\Agrawal\AppData\Local\MiKTeX\2.9\fonts\pk\ljfour\jknappen\ec\dpi600\ecbx1200.pk> <C:\Users\Agr
awal\AppData\Local\MiKTeX\2.9\fonts\pk\ljfour\jknappen\ec\dpi600\tcrm1095.pk> <C:\Users\Agrawal\AppData\Local\MiKTeX\2.9
\fonts\pk\ljfour\jknappen\ec\dpi600\ecti1095.pk> <C:\Users\Agrawal\AppData\Local\MiKTeX\2.9\fonts\pk\ljfour\jknappen\ec\
dpi600\ecbx1440.pk> <C:\Users\Agrawal\AppData\Local\MiKTeX\2.9\fonts\pk\ljfour\jknappen\ec\dpi600\ecbx2074.pk> <C:\Users
\Agrawal\AppData\Local\MiKTeX\2.9\fonts\pk\ljfour\jknappen\ec\dpi600\ecrm1095.pk> <C:\Users\Agrawal\AppData\Local\MiKTeX
\2.9\fonts\pk\ljfour\jknappen\ec\dpi600\ecbx1095.pk> <C:\Users\Agrawal\AppData\Local\MiKTeX\2.9\fonts\pk\ljfour\jknappen
\ec\dpi600\ecbx2488.pk> <C:\Users\Agrawal\AppData\Local\MiKTeX\2.9\fonts\pk\ljfour\jknappen\ec\dpi600\eccc1200.pk> <C:\U
sers\Agrawal\AppData\Local\MiKTeX\2.9\fonts\pk\ljfour\jknappen\ec\dpi600\ecrm1200.pk> <C:\Users\Agrawal\AppData\Local\Mi
KTeX\2.9\fonts\pk\ljfour\jknappen\ec\dpi600\eccc2488.pk> <C:\Users\Agrawal\AppData\Local\MiKTeX\2.9\fonts\pk\ljfour\jkna
ppen\ec\dpi600\ecrm2074.pk><C:/Program Files (x86)/MiKTeX 2.9/fonts/type1/public/amsfonts/cm/cmmi10.pfb><C:/Program File
s (x86)/MiKTeX 2.9/fonts/type1/public/amsfonts/cm/cmr10.pfb><C:/Program Files (x86)/MiKTeX 2.9/fonts/type1/public/amsfon
ts/cm/cmsy10.pfb><C:/Program Files (x86)/MiKTeX 2.9/fonts/type1/urw/courier/ucrb8a.pfb><C:/Program Files (x86)/MiKTeX 2.
9/fonts/type1/urw/courier/ucrr8a.pfb>
Output written on ProjectDocu.pdf (42 pages, 2506308 bytes).
PDF statistics:
 1796 PDF objects out of 2073 (max. 8388607)
 337 named destinations out of 1000 (max. 500000)
 493 words of extra memory for PDF output out of 10000 (max. 10000000)

